{"C:\\Users\\sreen\\Desktop\\freelance\\learning-platform\\server\\app.js": {"path":"C:\\Users\\sreen\\Desktop\\freelance\\learning-platform\\server\\app.js","statementMap":{"0":{"start":{"line":1,"column":16},"end":{"line":1,"column":34}},"1":{"start":{"line":2,"column":13},"end":{"line":2,"column":28}},"2":{"start":{"line":3,"column":15},"end":{"line":3,"column":32}},"3":{"start":{"line":4,"column":20},"end":{"line":4,"column":42}},"4":{"start":{"line":5,"column":15},"end":{"line":5,"column":32}},"5":{"start":{"line":6,"column":15},"end":{"line":6,"column":32}},"6":{"start":{"line":7,"column":13},"end":{"line":7,"column":28}},"7":{"start":{"line":8,"column":15},"end":{"line":8,"column":40}},"8":{"start":{"line":9,"column":24},"end":{"line":9,"column":64}},"9":{"start":{"line":10,"column":28},"end":{"line":10,"column":68}},"10":{"start":{"line":13,"column":12},"end":{"line":13,"column":21}},"11":{"start":{"line":16,"column":0},"end":{"line":16,"column":18}},"12":{"start":{"line":17,"column":0},"end":{"line":17,"column":23}},"13":{"start":{"line":20,"column":0},"end":{"line":29,"column":3}},"14":{"start":{"line":21,"column":16},"end":{"line":21,"column":18}},"15":{"start":{"line":22,"column":2},"end":{"line":24,"column":5}},"16":{"start":{"line":23,"column":4},"end":{"line":23,"column":32}},"17":{"start":{"line":25,"column":2},"end":{"line":28,"column":5}},"18":{"start":{"line":26,"column":4},"end":{"line":26,"column":26}},"19":{"start":{"line":27,"column":4},"end":{"line":27,"column":11}},"20":{"start":{"line":32,"column":0},"end":{"line":37,"column":4}},"21":{"start":{"line":35,"column":4},"end":{"line":35,"column":33}},"22":{"start":{"line":39,"column":0},"end":{"line":39,"column":63}},"23":{"start":{"line":42,"column":20},"end":{"line":46,"column":1}},"24":{"start":{"line":47,"column":0},"end":{"line":47,"column":27}},"25":{"start":{"line":50,"column":0},"end":{"line":52,"column":1}},"26":{"start":{"line":51,"column":2},"end":{"line":51,"column":93}},"27":{"start":{"line":51,"column":59},"end":{"line":51,"column":86}},"28":{"start":{"line":55,"column":0},"end":{"line":57,"column":3}},"29":{"start":{"line":56,"column":2},"end":{"line":56,"column":78}},"30":{"start":{"line":60,"column":27},"end":{"line":63,"column":1}},"31":{"start":{"line":65,"column":24},"end":{"line":68,"column":1}},"32":{"start":{"line":71,"column":0},"end":{"line":71,"column":54}},"33":{"start":{"line":72,"column":0},"end":{"line":72,"column":99}},"34":{"start":{"line":73,"column":0},"end":{"line":73,"column":89}},"35":{"start":{"line":74,"column":0},"end":{"line":74,"column":97}},"36":{"start":{"line":75,"column":0},"end":{"line":75,"column":70}},"37":{"start":{"line":76,"column":0},"end":{"line":76,"column":64}},"38":{"start":{"line":79,"column":0},"end":{"line":82,"column":3}},"39":{"start":{"line":80,"column":28},"end":{"line":80,"column":68}},"40":{"start":{"line":81,"column":2},"end":{"line":81,"column":28}},"41":{"start":{"line":85,"column":0},"end":{"line":85,"column":25}},"42":{"start":{"line":88,"column":0},"end":{"line":96,"column":1}},"43":{"start":{"line":90,"column":2},"end":{"line":90,"column":67}},"44":{"start":{"line":93,"column":2},"end":{"line":95,"column":5}},"45":{"start":{"line":94,"column":4},"end":{"line":94,"column":75}},"46":{"start":{"line":98,"column":0},"end":{"line":98,"column":21}}},"fnMap":{"0":{"name":"(anonymous_0)","decl":{"start":{"line":20,"column":8},"end":{"line":20,"column":9}},"loc":{"start":{"line":20,"column":28},"end":{"line":29,"column":1}},"line":20},"1":{"name":"(anonymous_1)","decl":{"start":{"line":22,"column":17},"end":{"line":22,"column":18}},"loc":{"start":{"line":22,"column":26},"end":{"line":24,"column":3}},"line":22},"2":{"name":"(anonymous_2)","decl":{"start":{"line":25,"column":16},"end":{"line":25,"column":17}},"loc":{"start":{"line":25,"column":22},"end":{"line":28,"column":3}},"line":25},"3":{"name":"(anonymous_3)","decl":{"start":{"line":34,"column":10},"end":{"line":34,"column":11}},"loc":{"start":{"line":34,"column":29},"end":{"line":36,"column":3}},"line":34},"4":{"name":"(anonymous_4)","decl":{"start":{"line":51,"column":48},"end":{"line":51,"column":49}},"loc":{"start":{"line":51,"column":59},"end":{"line":51,"column":86}},"line":51},"5":{"name":"(anonymous_5)","decl":{"start":{"line":55,"column":23},"end":{"line":55,"column":24}},"loc":{"start":{"line":55,"column":37},"end":{"line":57,"column":1}},"line":55},"6":{"name":"(anonymous_6)","decl":{"start":{"line":79,"column":34},"end":{"line":79,"column":35}},"loc":{"start":{"line":79,"column":48},"end":{"line":82,"column":1}},"line":79},"7":{"name":"(anonymous_7)","decl":{"start":{"line":93,"column":15},"end":{"line":93,"column":16}},"loc":{"start":{"line":93,"column":29},"end":{"line":95,"column":3}},"line":93}},"branchMap":{"0":{"loc":{"start":{"line":43,"column":10},"end":{"line":43,"column":41}},"type":"binary-expr","locations":[{"start":{"line":43,"column":10},"end":{"line":43,"column":34}},{"start":{"line":43,"column":38},"end":{"line":43,"column":41}}],"line":43},"1":{"loc":{"start":{"line":50,"column":0},"end":{"line":52,"column":1}},"type":"if","locations":[{"start":{"line":50,"column":0},"end":{"line":52,"column":1}},{"start":{},"end":{}}],"line":50},"2":{"loc":{"start":{"line":88,"column":0},"end":{"line":96,"column":1}},"type":"if","locations":[{"start":{"line":88,"column":0},"end":{"line":96,"column":1}},{"start":{},"end":{}}],"line":88}},"s":{"0":5,"1":5,"2":5,"3":5,"4":5,"5":5,"6":5,"7":5,"8":5,"9":5,"10":5,"11":5,"12":5,"13":5,"14":156,"15":156,"16":150,"17":156,"18":156,"19":156,"20":5,"21":0,"22":5,"23":5,"24":5,"25":5,"26":0,"27":0,"28":5,"29":0,"30":5,"31":5,"32":5,"33":5,"34":5,"35":5,"36":5,"37":5,"38":5,"39":0,"40":0,"41":5,"42":5,"43":0,"44":0,"45":0,"46":5},"f":{"0":156,"1":150,"2":156,"3":0,"4":0,"5":0,"6":0,"7":0},"b":{"0":[5,5],"1":[0,5],"2":[0,5]},"_coverageSchema":"1a1c01bbd47fc00a2c39e90264f33305004495a9","hash":"4ef7d933d2b8dbed699036443f5a5e8c206e451c"}
,"C:\\Users\\sreen\\Desktop\\freelance\\learning-platform\\server\\controllers\\analytics.controller.js": {"path":"C:\\Users\\sreen\\Desktop\\freelance\\learning-platform\\server\\controllers\\analytics.controller.js","statementMap":{"0":{"start":{"line":6,"column":4},"end":{"line":6,"column":40}},"1":{"start":{"line":7,"column":13},"end":{"line":7,"column":44}},"2":{"start":{"line":8,"column":16},"end":{"line":8,"column":50}},"3":{"start":{"line":9,"column":21},"end":{"line":9,"column":51}},"4":{"start":{"line":10,"column":22},"end":{"line":10,"column":55}},"5":{"start":{"line":11,"column":15},"end":{"line":11,"column":41}},"6":{"start":{"line":18,"column":0},"end":{"line":59,"column":3}},"7":{"start":{"line":19,"column":17},"end":{"line":19,"column":28}},"8":{"start":{"line":20,"column":41},"end":{"line":20,"column":49}},"9":{"start":{"line":22,"column":2},"end":{"line":24,"column":3}},"10":{"start":{"line":23,"column":4},"end":{"line":23,"column":75}},"11":{"start":{"line":27,"column":21},"end":{"line":31,"column":3}},"12":{"start":{"line":34,"column":19},"end":{"line":39,"column":4}},"13":{"start":{"line":42,"column":2},"end":{"line":44,"column":3}},"14":{"start":{"line":43,"column":4},"end":{"line":43,"column":50}},"15":{"start":{"line":47,"column":31},"end":{"line":47,"column":50}},"16":{"start":{"line":48,"column":2},"end":{"line":53,"column":3}},"17":{"start":{"line":50,"column":4},"end":{"line":52,"column":7}},"18":{"start":{"line":51,"column":6},"end":{"line":51,"column":67}},"19":{"start":{"line":55,"column":2},"end":{"line":58,"column":5}},"20":{"start":{"line":66,"column":0},"end":{"line":82,"column":3}},"21":{"start":{"line":67,"column":17},"end":{"line":67,"column":28}},"22":{"start":{"line":68,"column":20},"end":{"line":68,"column":29}},"23":{"start":{"line":70,"column":14},"end":{"line":70,"column":30}},"24":{"start":{"line":71,"column":2},"end":{"line":73,"column":3}},"25":{"start":{"line":72,"column":4},"end":{"line":72,"column":24}},"26":{"start":{"line":75,"column":19},"end":{"line":75,"column":53}},"27":{"start":{"line":77,"column":2},"end":{"line":81,"column":5}},"28":{"start":{"line":89,"column":0},"end":{"line":111,"column":3}},"29":{"start":{"line":90,"column":17},"end":{"line":90,"column":28}},"30":{"start":{"line":93,"column":17},"end":{"line":93,"column":60}},"31":{"start":{"line":95,"column":2},"end":{"line":105,"column":3}},"32":{"start":{"line":97,"column":4},"end":{"line":99,"column":7}},"33":{"start":{"line":102,"column":4},"end":{"line":104,"column":7}},"34":{"start":{"line":103,"column":6},"end":{"line":103,"column":77}},"35":{"start":{"line":107,"column":2},"end":{"line":110,"column":5}},"36":{"start":{"line":118,"column":0},"end":{"line":178,"column":3}},"37":{"start":{"line":119,"column":17},"end":{"line":119,"column":28}},"38":{"start":{"line":120,"column":31},"end":{"line":120,"column":40}},"39":{"start":{"line":123,"column":19},"end":{"line":123,"column":62}},"40":{"start":{"line":125,"column":2},"end":{"line":132,"column":3}},"41":{"start":{"line":127,"column":4},"end":{"line":127,"column":37}},"42":{"start":{"line":128,"column":4},"end":{"line":131,"column":7}},"43":{"start":{"line":135,"column":24},"end":{"line":135,"column":48}},"44":{"start":{"line":136,"column":2},"end":{"line":138,"column":3}},"45":{"start":{"line":137,"column":4},"end":{"line":137,"column":71}},"46":{"start":{"line":137,"column":52},"end":{"line":137,"column":69}},"47":{"start":{"line":141,"column":2},"end":{"line":143,"column":31}},"48":{"start":{"line":142,"column":20},"end":{"line":142,"column":37}},"49":{"start":{"line":146,"column":2},"end":{"line":171,"column":3}},"50":{"start":{"line":146,"column":34},"end":{"line":146,"column":56}},"51":{"start":{"line":147,"column":23},"end":{"line":149,"column":27}},"52":{"start":{"line":148,"column":21},"end":{"line":148,"column":43}},"53":{"start":{"line":149,"column":18},"end":{"line":149,"column":26}},"54":{"start":{"line":151,"column":4},"end":{"line":170,"column":5}},"55":{"start":{"line":152,"column":27},"end":{"line":153,"column":56}},"56":{"start":{"line":156,"column":6},"end":{"line":169,"column":9}},"57":{"start":{"line":157,"column":8},"end":{"line":167,"column":9}},"58":{"start":{"line":158,"column":30},"end":{"line":160,"column":11}},"59":{"start":{"line":159,"column":20},"end":{"line":159,"column":52}},"60":{"start":{"line":161,"column":10},"end":{"line":166,"column":11}},"61":{"start":{"line":162,"column":12},"end":{"line":165,"column":14}},"62":{"start":{"line":168,"column":8},"end":{"line":168,"column":19}},"63":{"start":{"line":173,"column":2},"end":{"line":177,"column":5}},"64":{"start":{"line":185,"column":0},"end":{"line":203,"column":3}},"65":{"start":{"line":186,"column":33},"end":{"line":186,"column":42}},"66":{"start":{"line":188,"column":14},"end":{"line":188,"column":16}},"67":{"start":{"line":189,"column":2},"end":{"line":194,"column":3}},"68":{"start":{"line":190,"column":4},"end":{"line":193,"column":6}},"69":{"start":{"line":196,"column":20},"end":{"line":196,"column":74}},"70":{"start":{"line":198,"column":2},"end":{"line":202,"column":5}},"71":{"start":{"line":210,"column":0},"end":{"line":250,"column":3}},"72":{"start":{"line":211,"column":17},"end":{"line":211,"column":28}},"73":{"start":{"line":212,"column":69},"end":{"line":212,"column":78}},"74":{"start":{"line":215,"column":14},"end":{"line":215,"column":30}},"75":{"start":{"line":217,"column":2},"end":{"line":219,"column":3}},"76":{"start":{"line":218,"column":4},"end":{"line":218,"column":38}},"77":{"start":{"line":221,"column":2},"end":{"line":226,"column":3}},"78":{"start":{"line":222,"column":4},"end":{"line":225,"column":6}},"79":{"start":{"line":229,"column":15},"end":{"line":229,"column":53}},"80":{"start":{"line":232,"column":21},"end":{"line":235,"column":27}},"81":{"start":{"line":237,"column":16},"end":{"line":237,"column":56}},"82":{"start":{"line":239,"column":2},"end":{"line":249,"column":5}},"83":{"start":{"line":258,"column":2},"end":{"line":258,"column":35}},"84":{"start":{"line":258,"column":18},"end":{"line":258,"column":35}},"85":{"start":{"line":260,"column":2},"end":{"line":260,"column":38}},"86":{"start":{"line":262,"column":2},"end":{"line":264,"column":3}},"87":{"start":{"line":263,"column":4},"end":{"line":263,"column":20}},"88":{"start":{"line":266,"column":2},"end":{"line":268,"column":3}},"89":{"start":{"line":267,"column":4},"end":{"line":267,"column":20}},"90":{"start":{"line":270,"column":2},"end":{"line":272,"column":3}},"91":{"start":{"line":271,"column":4},"end":{"line":271,"column":21}},"92":{"start":{"line":274,"column":2},"end":{"line":274,"column":19}},"93":{"start":{"line":283,"column":2},"end":{"line":332,"column":3}},"94":{"start":{"line":284,"column":49},"end":{"line":284,"column":56}},"95":{"start":{"line":286,"column":4},"end":{"line":286,"column":43}},"96":{"start":{"line":286,"column":36},"end":{"line":286,"column":43}},"97":{"start":{"line":289,"column":19},"end":{"line":289,"column":74}},"98":{"start":{"line":291,"column":4},"end":{"line":299,"column":5}},"99":{"start":{"line":292,"column":6},"end":{"line":298,"column":9}},"100":{"start":{"line":302,"column":4},"end":{"line":302,"column":42}},"101":{"start":{"line":303,"column":4},"end":{"line":303,"column":39}},"102":{"start":{"line":306,"column":4},"end":{"line":321,"column":5}},"103":{"start":{"line":307,"column":31},"end":{"line":307,"column":80}},"104":{"start":{"line":307,"column":60},"end":{"line":307,"column":79}},"105":{"start":{"line":309,"column":6},"end":{"line":320,"column":7}},"106":{"start":{"line":311,"column":8},"end":{"line":311,"column":81}},"107":{"start":{"line":312,"column":8},"end":{"line":312,"column":50}},"108":{"start":{"line":315,"column":8},"end":{"line":319,"column":11}},"109":{"start":{"line":324,"column":4},"end":{"line":327,"column":5}},"110":{"start":{"line":325,"column":28},"end":{"line":325,"column":86}},"111":{"start":{"line":325,"column":66},"end":{"line":325,"column":82}},"112":{"start":{"line":326,"column":6},"end":{"line":326,"column":102}},"113":{"start":{"line":329,"column":4},"end":{"line":329,"column":26}},"114":{"start":{"line":331,"column":4},"end":{"line":331,"column":69}},"115":{"start":{"line":340,"column":2},"end":{"line":397,"column":3}},"116":{"start":{"line":342,"column":23},"end":{"line":344,"column":18}},"117":{"start":{"line":346,"column":4},"end":{"line":346,"column":40}},"118":{"start":{"line":346,"column":33},"end":{"line":346,"column":40}},"119":{"start":{"line":349,"column":28},"end":{"line":349,"column":73}},"120":{"start":{"line":352,"column":19},"end":{"line":352,"column":62}},"121":{"start":{"line":354,"column":4},"end":{"line":363,"column":5}},"122":{"start":{"line":355,"column":6},"end":{"line":362,"column":9}},"123":{"start":{"line":366,"column":4},"end":{"line":366,"column":62}},"124":{"start":{"line":369,"column":4},"end":{"line":369,"column":83}},"125":{"start":{"line":372,"column":4},"end":{"line":372,"column":78}},"126":{"start":{"line":375,"column":4},"end":{"line":375,"column":68}},"127":{"start":{"line":378,"column":47},"end":{"line":378,"column":93}},"128":{"start":{"line":379,"column":4},"end":{"line":379,"column":35}},"129":{"start":{"line":380,"column":4},"end":{"line":380,"column":55}},"130":{"start":{"line":383,"column":4},"end":{"line":388,"column":6}},"131":{"start":{"line":391,"column":4},"end":{"line":391,"column":26}},"132":{"start":{"line":393,"column":4},"end":{"line":393,"column":20}},"133":{"start":{"line":395,"column":4},"end":{"line":395,"column":65}},"134":{"start":{"line":396,"column":4},"end":{"line":396,"column":14}},"135":{"start":{"line":407,"column":23},"end":{"line":407,"column":80}},"136":{"start":{"line":407,"column":46},"end":{"line":407,"column":79}},"137":{"start":{"line":410,"column":15},"end":{"line":410,"column":16}},"138":{"start":{"line":411,"column":16},"end":{"line":411,"column":17}},"139":{"start":{"line":412,"column":20},"end":{"line":412,"column":21}},"140":{"start":{"line":414,"column":2},"end":{"line":424,"column":5}},"141":{"start":{"line":415,"column":24},"end":{"line":415,"column":53}},"142":{"start":{"line":417,"column":4},"end":{"line":423,"column":5}},"143":{"start":{"line":418,"column":6},"end":{"line":418,"column":15}},"144":{"start":{"line":419,"column":11},"end":{"line":423,"column":5}},"145":{"start":{"line":420,"column":6},"end":{"line":420,"column":16}},"146":{"start":{"line":421,"column":11},"end":{"line":423,"column":5}},"147":{"start":{"line":422,"column":6},"end":{"line":422,"column":20}},"148":{"start":{"line":427,"column":16},"end":{"line":427,"column":46}},"149":{"start":{"line":429,"column":2},"end":{"line":429,"column":39}},"150":{"start":{"line":429,"column":19},"end":{"line":429,"column":39}},"151":{"start":{"line":431,"column":24},"end":{"line":431,"column":46}},"152":{"start":{"line":432,"column":25},"end":{"line":432,"column":48}},"153":{"start":{"line":433,"column":29},"end":{"line":433,"column":56}},"154":{"start":{"line":436,"column":2},"end":{"line":436,"column":42}},"155":{"start":{"line":436,"column":26},"end":{"line":436,"column":42}},"156":{"start":{"line":437,"column":2},"end":{"line":437,"column":44}},"157":{"start":{"line":437,"column":27},"end":{"line":437,"column":44}},"158":{"start":{"line":438,"column":2},"end":{"line":438,"column":52}},"159":{"start":{"line":438,"column":31},"end":{"line":438,"column":52}},"160":{"start":{"line":441,"column":2},"end":{"line":441,"column":22}},"161":{"start":{"line":452,"column":22},"end":{"line":452,"column":24}},"162":{"start":{"line":454,"column":2},"end":{"line":459,"column":5}},"163":{"start":{"line":455,"column":4},"end":{"line":458,"column":5}},"164":{"start":{"line":456,"column":20},"end":{"line":456,"column":51}},"165":{"start":{"line":457,"column":6},"end":{"line":457,"column":57}},"166":{"start":{"line":462,"column":2},"end":{"line":465,"column":5}},"167":{"start":{"line":463,"column":4},"end":{"line":464,"column":39}},"168":{"start":{"line":468,"column":17},"end":{"line":468,"column":41}},"169":{"start":{"line":469,"column":19},"end":{"line":469,"column":61}},"170":{"start":{"line":471,"column":2},"end":{"line":474,"column":40}},"171":{"start":{"line":471,"column":30},"end":{"line":474,"column":3}},"172":{"start":{"line":474,"column":21},"end":{"line":474,"column":38}},"173":{"start":{"line":484,"column":21},"end":{"line":484,"column":23}},"174":{"start":{"line":486,"column":2},"end":{"line":491,"column":5}},"175":{"start":{"line":487,"column":4},"end":{"line":490,"column":5}},"176":{"start":{"line":488,"column":19},"end":{"line":488,"column":47}},"177":{"start":{"line":489,"column":6},"end":{"line":489,"column":53}},"178":{"start":{"line":494,"column":16},"end":{"line":494,"column":39}},"179":{"start":{"line":495,"column":19},"end":{"line":495,"column":60}},"180":{"start":{"line":497,"column":2},"end":{"line":500,"column":40}},"181":{"start":{"line":497,"column":28},"end":{"line":500,"column":3}},"182":{"start":{"line":500,"column":21},"end":{"line":500,"column":38}},"183":{"start":{"line":510,"column":19},"end":{"line":515,"column":3}},"184":{"start":{"line":517,"column":2},"end":{"line":517,"column":47}},"185":{"start":{"line":517,"column":31},"end":{"line":517,"column":47}},"186":{"start":{"line":520,"column":21},"end":{"line":520,"column":38}},"187":{"start":{"line":522,"column":2},"end":{"line":525,"column":5}},"188":{"start":{"line":523,"column":17},"end":{"line":523,"column":56}},"189":{"start":{"line":524,"column":4},"end":{"line":524,"column":23}},"190":{"start":{"line":527,"column":23},"end":{"line":527,"column":46}},"191":{"start":{"line":528,"column":26},"end":{"line":528,"column":43}},"192":{"start":{"line":531,"column":2},"end":{"line":543,"column":3}},"193":{"start":{"line":532,"column":20},"end":{"line":532,"column":52}},"194":{"start":{"line":534,"column":4},"end":{"line":542,"column":5}},"195":{"start":{"line":535,"column":6},"end":{"line":535,"column":46}},"196":{"start":{"line":536,"column":11},"end":{"line":542,"column":5}},"197":{"start":{"line":537,"column":6},"end":{"line":537,"column":48}},"198":{"start":{"line":538,"column":11},"end":{"line":542,"column":5}},"199":{"start":{"line":539,"column":6},"end":{"line":539,"column":46}},"200":{"start":{"line":541,"column":6},"end":{"line":541,"column":44}},"201":{"start":{"line":546,"column":29},"end":{"line":546,"column":90}},"202":{"start":{"line":546,"column":52},"end":{"line":546,"column":89}},"203":{"start":{"line":548,"column":2},"end":{"line":554,"column":3}},"204":{"start":{"line":549,"column":26},"end":{"line":552,"column":5}},"205":{"start":{"line":550,"column":25},"end":{"line":550,"column":71}},"206":{"start":{"line":553,"column":4},"end":{"line":553,"column":92}},"207":{"start":{"line":557,"column":21},"end":{"line":557,"column":31}},"208":{"start":{"line":558,"column":2},"end":{"line":558,"column":47}},"209":{"start":{"line":560,"column":25},"end":{"line":562,"column":3}},"210":{"start":{"line":561,"column":9},"end":{"line":561,"column":44}},"211":{"start":{"line":564,"column":2},"end":{"line":564,"column":51}},"212":{"start":{"line":567,"column":17},"end":{"line":567,"column":19}},"213":{"start":{"line":568,"column":14},"end":{"line":568,"column":24}},"214":{"start":{"line":571,"column":2},"end":{"line":576,"column":3}},"215":{"start":{"line":571,"column":15},"end":{"line":571,"column":16}},"216":{"start":{"line":572,"column":17},"end":{"line":572,"column":27}},"217":{"start":{"line":573,"column":4},"end":{"line":573,"column":36}},"218":{"start":{"line":574,"column":23},"end":{"line":574,"column":55}},"219":{"start":{"line":575,"column":4},"end":{"line":575,"column":27}},"220":{"start":{"line":579,"column":2},"end":{"line":584,"column":5}},"221":{"start":{"line":580,"column":23},"end":{"line":580,"column":79}},"222":{"start":{"line":581,"column":4},"end":{"line":583,"column":5}},"223":{"start":{"line":582,"column":6},"end":{"line":582,"column":27}},"224":{"start":{"line":587,"column":21},"end":{"line":587,"column":76}},"225":{"start":{"line":587,"column":59},"end":{"line":587,"column":68}},"226":{"start":{"line":590,"column":2},"end":{"line":590,"column":66}},"227":{"start":{"line":592,"column":2},"end":{"line":592,"column":18}},"228":{"start":{"line":601,"column":20},"end":{"line":601,"column":22}},"229":{"start":{"line":602,"column":30},"end":{"line":602,"column":32}},"230":{"start":{"line":604,"column":2},"end":{"line":619,"column":5}},"231":{"start":{"line":605,"column":18},"end":{"line":605,"column":30}},"232":{"start":{"line":606,"column":21},"end":{"line":606,"column":43}},"233":{"start":{"line":608,"column":4},"end":{"line":618,"column":5}},"234":{"start":{"line":609,"column":6},"end":{"line":612,"column":9}},"235":{"start":{"line":613,"column":11},"end":{"line":618,"column":5}},"236":{"start":{"line":614,"column":6},"end":{"line":617,"column":9}},"237":{"start":{"line":621,"column":2},"end":{"line":624,"column":4}},"238":{"start":{"line":622,"column":40},"end":{"line":622,"column":57}},"239":{"start":{"line":623,"column":60},"end":{"line":623,"column":77}},"240":{"start":{"line":636,"column":26},"end":{"line":636,"column":28}},"241":{"start":{"line":638,"column":2},"end":{"line":728,"column":3}},"242":{"start":{"line":640,"column":4},"end":{"line":670,"column":5}},"243":{"start":{"line":641,"column":30},"end":{"line":643,"column":26}},"244":{"start":{"line":643,"column":18},"end":{"line":643,"column":25}},"245":{"start":{"line":646,"column":29},"end":{"line":651,"column":17}},"246":{"start":{"line":654,"column":6},"end":{"line":669,"column":9}},"247":{"start":{"line":656,"column":30},"end":{"line":659,"column":9}},"248":{"start":{"line":657,"column":15},"end":{"line":658,"column":74}},"249":{"start":{"line":661,"column":8},"end":{"line":668,"column":9}},"250":{"start":{"line":662,"column":10},"end":{"line":667,"column":13}},"251":{"start":{"line":673,"column":4},"end":{"line":680,"column":7}},"252":{"start":{"line":674,"column":6},"end":{"line":679,"column":9}},"253":{"start":{"line":683,"column":25},"end":{"line":683,"column":27}},"254":{"start":{"line":685,"column":4},"end":{"line":690,"column":7}},"255":{"start":{"line":686,"column":6},"end":{"line":689,"column":7}},"256":{"start":{"line":687,"column":8},"end":{"line":688,"column":60}},"257":{"start":{"line":693,"column":24},"end":{"line":700,"column":5}},"258":{"start":{"line":702,"column":4},"end":{"line":711,"column":7}},"259":{"start":{"line":703,"column":6},"end":{"line":710,"column":7}},"260":{"start":{"line":704,"column":8},"end":{"line":709,"column":11}},"261":{"start":{"line":716,"column":4},"end":{"line":721,"column":7}},"262":{"start":{"line":724,"column":4},"end":{"line":724,"column":61}},"263":{"start":{"line":724,"column":42},"end":{"line":724,"column":59}},"264":{"start":{"line":726,"column":4},"end":{"line":726,"column":69}},"265":{"start":{"line":727,"column":4},"end":{"line":727,"column":14}}},"fnMap":{"0":{"name":"(anonymous_0)","decl":{"start":{"line":18,"column":37},"end":{"line":18,"column":38}},"loc":{"start":{"line":18,"column":63},"end":{"line":59,"column":1}},"line":18},"1":{"name":"(anonymous_1)","decl":{"start":{"line":50,"column":37},"end":{"line":50,"column":38}},"loc":{"start":{"line":50,"column":44},"end":{"line":52,"column":5}},"line":50},"2":{"name":"(anonymous_2)","decl":{"start":{"line":66,"column":43},"end":{"line":66,"column":44}},"loc":{"start":{"line":66,"column":69},"end":{"line":82,"column":1}},"line":66},"3":{"name":"(anonymous_3)","decl":{"start":{"line":89,"column":39},"end":{"line":89,"column":40}},"loc":{"start":{"line":89,"column":65},"end":{"line":111,"column":1}},"line":89},"4":{"name":"(anonymous_4)","decl":{"start":{"line":102,"column":37},"end":{"line":102,"column":38}},"loc":{"start":{"line":102,"column":44},"end":{"line":104,"column":5}},"line":102},"5":{"name":"(anonymous_5)","decl":{"start":{"line":118,"column":42},"end":{"line":118,"column":43}},"loc":{"start":{"line":118,"column":68},"end":{"line":178,"column":1}},"line":118},"6":{"name":"(anonymous_6)","decl":{"start":{"line":137,"column":45},"end":{"line":137,"column":46}},"loc":{"start":{"line":137,"column":52},"end":{"line":137,"column":69}},"line":137},"7":{"name":"(anonymous_7)","decl":{"start":{"line":142,"column":10},"end":{"line":142,"column":11}},"loc":{"start":{"line":142,"column":20},"end":{"line":142,"column":37}},"line":142},"8":{"name":"(anonymous_8)","decl":{"start":{"line":146,"column":27},"end":{"line":146,"column":28}},"loc":{"start":{"line":146,"column":34},"end":{"line":146,"column":56}},"line":146},"9":{"name":"(anonymous_9)","decl":{"start":{"line":148,"column":14},"end":{"line":148,"column":15}},"loc":{"start":{"line":148,"column":21},"end":{"line":148,"column":43}},"line":148},"10":{"name":"(anonymous_10)","decl":{"start":{"line":149,"column":11},"end":{"line":149,"column":12}},"loc":{"start":{"line":149,"column":18},"end":{"line":149,"column":26}},"line":149},"11":{"name":"(anonymous_11)","decl":{"start":{"line":156,"column":44},"end":{"line":156,"column":45}},"loc":{"start":{"line":156,"column":51},"end":{"line":169,"column":7}},"line":156},"12":{"name":"(anonymous_12)","decl":{"start":{"line":159,"column":12},"end":{"line":159,"column":13}},"loc":{"start":{"line":159,"column":20},"end":{"line":159,"column":52}},"line":159},"13":{"name":"(anonymous_13)","decl":{"start":{"line":185,"column":44},"end":{"line":185,"column":45}},"loc":{"start":{"line":185,"column":70},"end":{"line":203,"column":1}},"line":185},"14":{"name":"(anonymous_14)","decl":{"start":{"line":210,"column":39},"end":{"line":210,"column":40}},"loc":{"start":{"line":210,"column":65},"end":{"line":250,"column":1}},"line":210},"15":{"name":"getDeviceType","decl":{"start":{"line":257,"column":9},"end":{"line":257,"column":22}},"loc":{"start":{"line":257,"column":34},"end":{"line":275,"column":1}},"line":257},"16":{"name":"updateLearningProgress","decl":{"start":{"line":282,"column":15},"end":{"line":282,"column":37}},"loc":{"start":{"line":282,"column":55},"end":{"line":333,"column":1}},"line":282},"17":{"name":"(anonymous_17)","decl":{"start":{"line":307,"column":55},"end":{"line":307,"column":56}},"loc":{"start":{"line":307,"column":60},"end":{"line":307,"column":79}},"line":307},"18":{"name":"(anonymous_18)","decl":{"start":{"line":325,"column":54},"end":{"line":325,"column":55}},"loc":{"start":{"line":325,"column":66},"end":{"line":325,"column":82}},"line":325},"19":{"name":"updateUserInsights","decl":{"start":{"line":339,"column":15},"end":{"line":339,"column":33}},"loc":{"start":{"line":339,"column":42},"end":{"line":398,"column":1}},"line":339},"20":{"name":"analyzeLearningStyle","decl":{"start":{"line":405,"column":9},"end":{"line":405,"column":29}},"loc":{"start":{"line":405,"column":42},"end":{"line":442,"column":1}},"line":405},"21":{"name":"(anonymous_21)","decl":{"start":{"line":407,"column":41},"end":{"line":407,"column":42}},"loc":{"start":{"line":407,"column":46},"end":{"line":407,"column":79}},"line":407},"22":{"name":"(anonymous_22)","decl":{"start":{"line":414,"column":23},"end":{"line":414,"column":24}},"loc":{"start":{"line":414,"column":35},"end":{"line":424,"column":3}},"line":414},"23":{"name":"analyzePreferredTopics","decl":{"start":{"line":450,"column":9},"end":{"line":450,"column":31}},"loc":{"start":{"line":450,"column":61},"end":{"line":475,"column":1}},"line":450},"24":{"name":"(anonymous_24)","decl":{"start":{"line":454,"column":21},"end":{"line":454,"column":22}},"loc":{"start":{"line":454,"column":33},"end":{"line":459,"column":3}},"line":454},"25":{"name":"(anonymous_25)","decl":{"start":{"line":462,"column":26},"end":{"line":462,"column":27}},"loc":{"start":{"line":462,"column":36},"end":{"line":465,"column":3}},"line":462},"26":{"name":"(anonymous_26)","decl":{"start":{"line":471,"column":20},"end":{"line":471,"column":21}},"loc":{"start":{"line":471,"column":30},"end":{"line":474,"column":3}},"line":471},"27":{"name":"(anonymous_27)","decl":{"start":{"line":474,"column":11},"end":{"line":474,"column":12}},"loc":{"start":{"line":474,"column":21},"end":{"line":474,"column":38}},"line":474},"28":{"name":"analyzePreferredContentTypes","decl":{"start":{"line":482,"column":9},"end":{"line":482,"column":37}},"loc":{"start":{"line":482,"column":50},"end":{"line":501,"column":1}},"line":482},"29":{"name":"(anonymous_29)","decl":{"start":{"line":486,"column":21},"end":{"line":486,"column":22}},"loc":{"start":{"line":486,"column":33},"end":{"line":491,"column":3}},"line":486},"30":{"name":"(anonymous_30)","decl":{"start":{"line":497,"column":19},"end":{"line":497,"column":20}},"loc":{"start":{"line":497,"column":28},"end":{"line":500,"column":3}},"line":497},"31":{"name":"(anonymous_31)","decl":{"start":{"line":500,"column":11},"end":{"line":500,"column":12}},"loc":{"start":{"line":500,"column":21},"end":{"line":500,"column":38}},"line":500},"32":{"name":"analyzeLearningPatterns","decl":{"start":{"line":508,"column":9},"end":{"line":508,"column":32}},"loc":{"start":{"line":508,"column":45},"end":{"line":593,"column":1}},"line":508},"33":{"name":"(anonymous_33)","decl":{"start":{"line":522,"column":21},"end":{"line":522,"column":22}},"loc":{"start":{"line":522,"column":33},"end":{"line":525,"column":3}},"line":522},"34":{"name":"(anonymous_34)","decl":{"start":{"line":546,"column":47},"end":{"line":546,"column":48}},"loc":{"start":{"line":546,"column":52},"end":{"line":546,"column":89}},"line":546},"35":{"name":"(anonymous_35)","decl":{"start":{"line":550,"column":6},"end":{"line":550,"column":7}},"loc":{"start":{"line":550,"column":25},"end":{"line":550,"column":71}},"line":550},"36":{"name":"(anonymous_36)","decl":{"start":{"line":561,"column":4},"end":{"line":561,"column":5}},"loc":{"start":{"line":561,"column":9},"end":{"line":561,"column":44}},"line":561},"37":{"name":"(anonymous_37)","decl":{"start":{"line":579,"column":21},"end":{"line":579,"column":22}},"loc":{"start":{"line":579,"column":33},"end":{"line":584,"column":3}},"line":579},"38":{"name":"(anonymous_38)","decl":{"start":{"line":587,"column":50},"end":{"line":587,"column":51}},"loc":{"start":{"line":587,"column":59},"end":{"line":587,"column":68}},"line":587},"39":{"name":"analyzeStrengthsAndWeaknesses","decl":{"start":{"line":600,"column":9},"end":{"line":600,"column":38}},"loc":{"start":{"line":600,"column":56},"end":{"line":625,"column":1}},"line":600},"40":{"name":"(anonymous_40)","decl":{"start":{"line":604,"column":26},"end":{"line":604,"column":27}},"loc":{"start":{"line":604,"column":36},"end":{"line":619,"column":3}},"line":604},"41":{"name":"(anonymous_41)","decl":{"start":{"line":622,"column":30},"end":{"line":622,"column":31}},"loc":{"start":{"line":622,"column":40},"end":{"line":622,"column":57}},"line":622},"42":{"name":"(anonymous_42)","decl":{"start":{"line":623,"column":50},"end":{"line":623,"column":51}},"loc":{"start":{"line":623,"column":60},"end":{"line":623,"column":77}},"line":623},"43":{"name":"generateRecommendations","decl":{"start":{"line":635,"column":15},"end":{"line":635,"column":38}},"loc":{"start":{"line":635,"column":86},"end":{"line":729,"column":1}},"line":635},"44":{"name":"(anonymous_44)","decl":{"start":{"line":643,"column":13},"end":{"line":643,"column":14}},"loc":{"start":{"line":643,"column":18},"end":{"line":643,"column":25}},"line":643},"45":{"name":"(anonymous_45)","decl":{"start":{"line":654,"column":29},"end":{"line":654,"column":30}},"loc":{"start":{"line":654,"column":40},"end":{"line":669,"column":7}},"line":654},"46":{"name":"(anonymous_46)","decl":{"start":{"line":657,"column":10},"end":{"line":657,"column":11}},"loc":{"start":{"line":657,"column":15},"end":{"line":658,"column":74}},"line":657},"47":{"name":"(anonymous_47)","decl":{"start":{"line":673,"column":41},"end":{"line":673,"column":42}},"loc":{"start":{"line":673,"column":49},"end":{"line":680,"column":5}},"line":673},"48":{"name":"(anonymous_48)","decl":{"start":{"line":685,"column":23},"end":{"line":685,"column":24}},"loc":{"start":{"line":685,"column":35},"end":{"line":690,"column":5}},"line":685},"49":{"name":"(anonymous_49)","decl":{"start":{"line":702,"column":24},"end":{"line":702,"column":25}},"loc":{"start":{"line":702,"column":35},"end":{"line":711,"column":5}},"line":702},"50":{"name":"(anonymous_50)","decl":{"start":{"line":724,"column":32},"end":{"line":724,"column":33}},"loc":{"start":{"line":724,"column":42},"end":{"line":724,"column":59}},"line":724}},"branchMap":{"0":{"loc":{"start":{"line":20,"column":24},"end":{"line":20,"column":36}},"type":"default-arg","locations":[{"start":{"line":20,"column":34},"end":{"line":20,"column":36}}],"line":20},"1":{"loc":{"start":{"line":22,"column":2},"end":{"line":24,"column":3}},"type":"if","locations":[{"start":{"line":22,"column":2},"end":{"line":24,"column":3}},{"start":{},"end":{}}],"line":22},"2":{"loc":{"start":{"line":28,"column":15},"end":{"line":28,"column":46}},"type":"binary-expr","locations":[{"start":{"line":28,"column":15},"end":{"line":28,"column":40}},{"start":{"line":28,"column":44},"end":{"line":28,"column":46}}],"line":28},"3":{"loc":{"start":{"line":29,"column":15},"end":{"line":29,"column":53}},"type":"binary-expr","locations":[{"start":{"line":29,"column":15},"end":{"line":29,"column":21}},{"start":{"line":29,"column":25},"end":{"line":29,"column":53}}],"line":29},"4":{"loc":{"start":{"line":42,"column":2},"end":{"line":44,"column":3}},"type":"if","locations":[{"start":{"line":42,"column":2},"end":{"line":44,"column":3}},{"start":{},"end":{}}],"line":42},"5":{"loc":{"start":{"line":42,"column":6},"end":{"line":42,"column":68}},"type":"binary-expr","locations":[{"start":{"line":42,"column":6},"end":{"line":42,"column":41}},{"start":{"line":42,"column":45},"end":{"line":42,"column":68}}],"line":42},"6":{"loc":{"start":{"line":48,"column":2},"end":{"line":53,"column":3}},"type":"if","locations":[{"start":{"line":48,"column":2},"end":{"line":53,"column":3}},{"start":{},"end":{}}],"line":48},"7":{"loc":{"start":{"line":71,"column":2},"end":{"line":73,"column":3}},"type":"if","locations":[{"start":{"line":71,"column":2},"end":{"line":73,"column":3}},{"start":{},"end":{}}],"line":71},"8":{"loc":{"start":{"line":95,"column":2},"end":{"line":105,"column":3}},"type":"if","locations":[{"start":{"line":95,"column":2},"end":{"line":105,"column":3}},{"start":{},"end":{}}],"line":95},"9":{"loc":{"start":{"line":120,"column":16},"end":{"line":120,"column":26}},"type":"default-arg","locations":[{"start":{"line":120,"column":24},"end":{"line":120,"column":26}}],"line":120},"10":{"loc":{"start":{"line":125,"column":2},"end":{"line":132,"column":3}},"type":"if","locations":[{"start":{"line":125,"column":2},"end":{"line":132,"column":3}},{"start":{},"end":{}}],"line":125},"11":{"loc":{"start":{"line":136,"column":2},"end":{"line":138,"column":3}},"type":"if","locations":[{"start":{"line":136,"column":2},"end":{"line":138,"column":3}},{"start":{},"end":{}}],"line":136},"12":{"loc":{"start":{"line":146,"column":2},"end":{"line":171,"column":3}},"type":"if","locations":[{"start":{"line":146,"column":2},"end":{"line":171,"column":3}},{"start":{},"end":{}}],"line":146},"13":{"loc":{"start":{"line":151,"column":4},"end":{"line":170,"column":5}},"type":"if","locations":[{"start":{"line":151,"column":4},"end":{"line":170,"column":5}},{"start":{},"end":{}}],"line":151},"14":{"loc":{"start":{"line":157,"column":8},"end":{"line":167,"column":9}},"type":"if","locations":[{"start":{"line":157,"column":8},"end":{"line":167,"column":9}},{"start":{},"end":{}}],"line":157},"15":{"loc":{"start":{"line":161,"column":10},"end":{"line":166,"column":11}},"type":"if","locations":[{"start":{"line":161,"column":10},"end":{"line":166,"column":11}},{"start":{},"end":{}}],"line":161},"16":{"loc":{"start":{"line":189,"column":2},"end":{"line":194,"column":3}},"type":"if","locations":[{"start":{"line":189,"column":2},"end":{"line":194,"column":3}},{"start":{},"end":{}}],"line":189},"17":{"loc":{"start":{"line":189,"column":6},"end":{"line":189,"column":26}},"type":"binary-expr","locations":[{"start":{"line":189,"column":6},"end":{"line":189,"column":15}},{"start":{"line":189,"column":19},"end":{"line":189,"column":26}}],"line":189},"18":{"loc":{"start":{"line":212,"column":44},"end":{"line":212,"column":54}},"type":"default-arg","locations":[{"start":{"line":212,"column":52},"end":{"line":212,"column":54}}],"line":212},"19":{"loc":{"start":{"line":212,"column":56},"end":{"line":212,"column":64}},"type":"default-arg","locations":[{"start":{"line":212,"column":63},"end":{"line":212,"column":64}}],"line":212},"20":{"loc":{"start":{"line":217,"column":2},"end":{"line":219,"column":3}},"type":"if","locations":[{"start":{"line":217,"column":2},"end":{"line":219,"column":3}},{"start":{},"end":{}}],"line":217},"21":{"loc":{"start":{"line":221,"column":2},"end":{"line":226,"column":3}},"type":"if","locations":[{"start":{"line":221,"column":2},"end":{"line":226,"column":3}},{"start":{},"end":{}}],"line":221},"22":{"loc":{"start":{"line":221,"column":6},"end":{"line":221,"column":26}},"type":"binary-expr","locations":[{"start":{"line":221,"column":6},"end":{"line":221,"column":15}},{"start":{"line":221,"column":19},"end":{"line":221,"column":26}}],"line":221},"23":{"loc":{"start":{"line":258,"column":2},"end":{"line":258,"column":35}},"type":"if","locations":[{"start":{"line":258,"column":2},"end":{"line":258,"column":35}},{"start":{},"end":{}}],"line":258},"24":{"loc":{"start":{"line":262,"column":2},"end":{"line":264,"column":3}},"type":"if","locations":[{"start":{"line":262,"column":2},"end":{"line":264,"column":3}},{"start":{},"end":{}}],"line":262},"25":{"loc":{"start":{"line":266,"column":2},"end":{"line":268,"column":3}},"type":"if","locations":[{"start":{"line":266,"column":2},"end":{"line":268,"column":3}},{"start":{},"end":{}}],"line":266},"26":{"loc":{"start":{"line":270,"column":2},"end":{"line":272,"column":3}},"type":"if","locations":[{"start":{"line":270,"column":2},"end":{"line":272,"column":3}},{"start":{},"end":{}}],"line":270},"27":{"loc":{"start":{"line":286,"column":4},"end":{"line":286,"column":43}},"type":"if","locations":[{"start":{"line":286,"column":4},"end":{"line":286,"column":43}},{"start":{},"end":{}}],"line":286},"28":{"loc":{"start":{"line":286,"column":8},"end":{"line":286,"column":34}},"type":"binary-expr","locations":[{"start":{"line":286,"column":8},"end":{"line":286,"column":14}},{"start":{"line":286,"column":18},"end":{"line":286,"column":34}}],"line":286},"29":{"loc":{"start":{"line":291,"column":4},"end":{"line":299,"column":5}},"type":"if","locations":[{"start":{"line":291,"column":4},"end":{"line":299,"column":5}},{"start":{},"end":{}}],"line":291},"30":{"loc":{"start":{"line":306,"column":4},"end":{"line":321,"column":5}},"type":"if","locations":[{"start":{"line":306,"column":4},"end":{"line":321,"column":5}},{"start":{},"end":{}}],"line":306},"31":{"loc":{"start":{"line":309,"column":6},"end":{"line":320,"column":7}},"type":"if","locations":[{"start":{"line":309,"column":6},"end":{"line":320,"column":7}},{"start":{"line":313,"column":13},"end":{"line":320,"column":7}}],"line":309},"32":{"loc":{"start":{"line":324,"column":4},"end":{"line":327,"column":5}},"type":"if","locations":[{"start":{"line":324,"column":4},"end":{"line":327,"column":5}},{"start":{},"end":{}}],"line":324},"33":{"loc":{"start":{"line":346,"column":4},"end":{"line":346,"column":40}},"type":"if","locations":[{"start":{"line":346,"column":4},"end":{"line":346,"column":40}},{"start":{},"end":{}}],"line":346},"34":{"loc":{"start":{"line":354,"column":4},"end":{"line":363,"column":5}},"type":"if","locations":[{"start":{"line":354,"column":4},"end":{"line":363,"column":5}},{"start":{},"end":{}}],"line":354},"35":{"loc":{"start":{"line":417,"column":4},"end":{"line":423,"column":5}},"type":"if","locations":[{"start":{"line":417,"column":4},"end":{"line":423,"column":5}},{"start":{"line":419,"column":11},"end":{"line":423,"column":5}}],"line":417},"36":{"loc":{"start":{"line":417,"column":8},"end":{"line":417,"column":58}},"type":"binary-expr","locations":[{"start":{"line":417,"column":8},"end":{"line":417,"column":31}},{"start":{"line":417,"column":35},"end":{"line":417,"column":58}}],"line":417},"37":{"loc":{"start":{"line":419,"column":11},"end":{"line":423,"column":5}},"type":"if","locations":[{"start":{"line":419,"column":11},"end":{"line":423,"column":5}},{"start":{"line":421,"column":11},"end":{"line":423,"column":5}}],"line":419},"38":{"loc":{"start":{"line":419,"column":15},"end":{"line":419,"column":66}},"type":"binary-expr","locations":[{"start":{"line":419,"column":15},"end":{"line":419,"column":37}},{"start":{"line":419,"column":41},"end":{"line":419,"column":66}}],"line":419},"39":{"loc":{"start":{"line":421,"column":11},"end":{"line":423,"column":5}},"type":"if","locations":[{"start":{"line":421,"column":11},"end":{"line":423,"column":5}},{"start":{},"end":{}}],"line":421},"40":{"loc":{"start":{"line":421,"column":15},"end":{"line":421,"column":70}},"type":"binary-expr","locations":[{"start":{"line":421,"column":15},"end":{"line":421,"column":44}},{"start":{"line":421,"column":48},"end":{"line":421,"column":70}}],"line":421},"41":{"loc":{"start":{"line":429,"column":2},"end":{"line":429,"column":39}},"type":"if","locations":[{"start":{"line":429,"column":2},"end":{"line":429,"column":39}},{"start":{},"end":{}}],"line":429},"42":{"loc":{"start":{"line":436,"column":2},"end":{"line":436,"column":42}},"type":"if","locations":[{"start":{"line":436,"column":2},"end":{"line":436,"column":42}},{"start":{},"end":{}}],"line":436},"43":{"loc":{"start":{"line":437,"column":2},"end":{"line":437,"column":44}},"type":"if","locations":[{"start":{"line":437,"column":2},"end":{"line":437,"column":44}},{"start":{},"end":{}}],"line":437},"44":{"loc":{"start":{"line":438,"column":2},"end":{"line":438,"column":52}},"type":"if","locations":[{"start":{"line":438,"column":2},"end":{"line":438,"column":52}},{"start":{},"end":{}}],"line":438},"45":{"loc":{"start":{"line":455,"column":4},"end":{"line":458,"column":5}},"type":"if","locations":[{"start":{"line":455,"column":4},"end":{"line":458,"column":5}},{"start":{},"end":{}}],"line":455},"46":{"loc":{"start":{"line":457,"column":28},"end":{"line":457,"column":51}},"type":"binary-expr","locations":[{"start":{"line":457,"column":28},"end":{"line":457,"column":46}},{"start":{"line":457,"column":50},"end":{"line":457,"column":51}}],"line":457},"47":{"loc":{"start":{"line":463,"column":33},"end":{"line":463,"column":63}},"type":"binary-expr","locations":[{"start":{"line":463,"column":33},"end":{"line":463,"column":58}},{"start":{"line":463,"column":62},"end":{"line":463,"column":63}}],"line":463},"48":{"loc":{"start":{"line":487,"column":4},"end":{"line":490,"column":5}},"type":"if","locations":[{"start":{"line":487,"column":4},"end":{"line":490,"column":5}},{"start":{},"end":{}}],"line":487},"49":{"loc":{"start":{"line":487,"column":8},"end":{"line":487,"column":81}},"type":"binary-expr","locations":[{"start":{"line":487,"column":8},"end":{"line":487,"column":48}},{"start":{"line":487,"column":52},"end":{"line":487,"column":81}}],"line":487},"50":{"loc":{"start":{"line":489,"column":26},"end":{"line":489,"column":47}},"type":"binary-expr","locations":[{"start":{"line":489,"column":26},"end":{"line":489,"column":42}},{"start":{"line":489,"column":46},"end":{"line":489,"column":47}}],"line":489},"51":{"loc":{"start":{"line":517,"column":2},"end":{"line":517,"column":47}},"type":"if","locations":[{"start":{"line":517,"column":2},"end":{"line":517,"column":47}},{"start":{},"end":{}}],"line":517},"52":{"loc":{"start":{"line":531,"column":2},"end":{"line":543,"column":3}},"type":"if","locations":[{"start":{"line":531,"column":2},"end":{"line":543,"column":3}},{"start":{},"end":{}}],"line":531},"53":{"loc":{"start":{"line":534,"column":4},"end":{"line":542,"column":5}},"type":"if","locations":[{"start":{"line":534,"column":4},"end":{"line":542,"column":5}},{"start":{"line":536,"column":11},"end":{"line":542,"column":5}}],"line":534},"54":{"loc":{"start":{"line":534,"column":8},"end":{"line":534,"column":36}},"type":"binary-expr","locations":[{"start":{"line":534,"column":8},"end":{"line":534,"column":20}},{"start":{"line":534,"column":24},"end":{"line":534,"column":36}}],"line":534},"55":{"loc":{"start":{"line":536,"column":11},"end":{"line":542,"column":5}},"type":"if","locations":[{"start":{"line":536,"column":11},"end":{"line":542,"column":5}},{"start":{"line":538,"column":11},"end":{"line":542,"column":5}}],"line":536},"56":{"loc":{"start":{"line":536,"column":15},"end":{"line":536,"column":44}},"type":"binary-expr","locations":[{"start":{"line":536,"column":15},"end":{"line":536,"column":28}},{"start":{"line":536,"column":32},"end":{"line":536,"column":44}}],"line":536},"57":{"loc":{"start":{"line":538,"column":11},"end":{"line":542,"column":5}},"type":"if","locations":[{"start":{"line":538,"column":11},"end":{"line":542,"column":5}},{"start":{"line":540,"column":11},"end":{"line":542,"column":5}}],"line":538},"58":{"loc":{"start":{"line":538,"column":15},"end":{"line":538,"column":44}},"type":"binary-expr","locations":[{"start":{"line":538,"column":15},"end":{"line":538,"column":28}},{"start":{"line":538,"column":32},"end":{"line":538,"column":44}}],"line":538},"59":{"loc":{"start":{"line":548,"column":2},"end":{"line":554,"column":3}},"type":"if","locations":[{"start":{"line":548,"column":2},"end":{"line":554,"column":3}},{"start":{},"end":{}}],"line":548},"60":{"loc":{"start":{"line":550,"column":32},"end":{"line":550,"column":70}},"type":"binary-expr","locations":[{"start":{"line":550,"column":32},"end":{"line":550,"column":65}},{"start":{"line":550,"column":69},"end":{"line":550,"column":70}}],"line":550},"61":{"loc":{"start":{"line":581,"column":4},"end":{"line":583,"column":5}},"type":"if","locations":[{"start":{"line":581,"column":4},"end":{"line":583,"column":5}},{"start":{},"end":{}}],"line":581},"62":{"loc":{"start":{"line":608,"column":4},"end":{"line":618,"column":5}},"type":"if","locations":[{"start":{"line":608,"column":4},"end":{"line":618,"column":5}},{"start":{"line":613,"column":11},"end":{"line":618,"column":5}}],"line":608},"63":{"loc":{"start":{"line":613,"column":11},"end":{"line":618,"column":5}},"type":"if","locations":[{"start":{"line":613,"column":11},"end":{"line":618,"column":5}},{"start":{},"end":{}}],"line":613},"64":{"loc":{"start":{"line":613,"column":15},"end":{"line":613,"column":53}},"type":"binary-expr","locations":[{"start":{"line":613,"column":15},"end":{"line":613,"column":29}},{"start":{"line":613,"column":33},"end":{"line":613,"column":53}}],"line":613},"65":{"loc":{"start":{"line":640,"column":4},"end":{"line":670,"column":5}},"type":"if","locations":[{"start":{"line":640,"column":4},"end":{"line":670,"column":5}},{"start":{},"end":{}}],"line":640},"66":{"loc":{"start":{"line":657,"column":15},"end":{"line":658,"column":74}},"type":"binary-expr","locations":[{"start":{"line":657,"column":15},"end":{"line":657,"column":48}},{"start":{"line":658,"column":15},"end":{"line":658,"column":74}}],"line":657},"67":{"loc":{"start":{"line":661,"column":8},"end":{"line":668,"column":9}},"type":"if","locations":[{"start":{"line":661,"column":8},"end":{"line":668,"column":9}},{"start":{},"end":{}}],"line":661},"68":{"loc":{"start":{"line":686,"column":6},"end":{"line":689,"column":7}},"type":"if","locations":[{"start":{"line":686,"column":6},"end":{"line":689,"column":7}},{"start":{},"end":{}}],"line":686},"69":{"loc":{"start":{"line":686,"column":10},"end":{"line":686,"column":78}},"type":"binary-expr","locations":[{"start":{"line":686,"column":10},"end":{"line":686,"column":49}},{"start":{"line":686,"column":53},"end":{"line":686,"column":78}}],"line":686},"70":{"loc":{"start":{"line":688,"column":11},"end":{"line":688,"column":54}},"type":"binary-expr","locations":[{"start":{"line":688,"column":11},"end":{"line":688,"column":49}},{"start":{"line":688,"column":53},"end":{"line":688,"column":54}}],"line":688},"71":{"loc":{"start":{"line":703,"column":6},"end":{"line":710,"column":7}},"type":"if","locations":[{"start":{"line":703,"column":6},"end":{"line":710,"column":7}},{"start":{},"end":{}}],"line":703},"72":{"loc":{"start":{"line":703,"column":10},"end":{"line":703,"column":61}},"type":"binary-expr","locations":[{"start":{"line":703,"column":10},"end":{"line":703,"column":32}},{"start":{"line":703,"column":36},"end":{"line":703,"column":61}}],"line":703}},"s":{"0":5,"1":5,"2":5,"3":5,"4":5,"5":5,"6":5,"7":0,"8":0,"9":0,"10":0,"11":0,"12":0,"13":0,"14":0,"15":0,"16":0,"17":0,"18":0,"19":0,"20":5,"21":0,"22":0,"23":0,"24":0,"25":0,"26":0,"27":0,"28":5,"29":0,"30":0,"31":0,"32":0,"33":0,"34":0,"35":0,"36":5,"37":0,"38":0,"39":0,"40":0,"41":0,"42":0,"43":0,"44":0,"45":0,"46":0,"47":0,"48":0,"49":0,"50":0,"51":0,"52":0,"53":0,"54":0,"55":0,"56":0,"57":0,"58":0,"59":0,"60":0,"61":0,"62":0,"63":0,"64":5,"65":0,"66":0,"67":0,"68":0,"69":0,"70":0,"71":5,"72":0,"73":0,"74":0,"75":0,"76":0,"77":0,"78":0,"79":0,"80":0,"81":0,"82":0,"83":0,"84":0,"85":0,"86":0,"87":0,"88":0,"89":0,"90":0,"91":0,"92":0,"93":0,"94":0,"95":0,"96":0,"97":0,"98":0,"99":0,"100":0,"101":0,"102":0,"103":0,"104":0,"105":0,"106":0,"107":0,"108":0,"109":0,"110":0,"111":0,"112":0,"113":0,"114":0,"115":0,"116":0,"117":0,"118":0,"119":0,"120":0,"121":0,"122":0,"123":0,"124":0,"125":0,"126":0,"127":0,"128":0,"129":0,"130":0,"131":0,"132":0,"133":0,"134":0,"135":0,"136":0,"137":0,"138":0,"139":0,"140":0,"141":0,"142":0,"143":0,"144":0,"145":0,"146":0,"147":0,"148":0,"149":0,"150":0,"151":0,"152":0,"153":0,"154":0,"155":0,"156":0,"157":0,"158":0,"159":0,"160":0,"161":0,"162":0,"163":0,"164":0,"165":0,"166":0,"167":0,"168":0,"169":0,"170":0,"171":0,"172":0,"173":0,"174":0,"175":0,"176":0,"177":0,"178":0,"179":0,"180":0,"181":0,"182":0,"183":0,"184":0,"185":0,"186":0,"187":0,"188":0,"189":0,"190":0,"191":0,"192":0,"193":0,"194":0,"195":0,"196":0,"197":0,"198":0,"199":0,"200":0,"201":0,"202":0,"203":0,"204":0,"205":0,"206":0,"207":0,"208":0,"209":0,"210":0,"211":0,"212":0,"213":0,"214":0,"215":0,"216":0,"217":0,"218":0,"219":0,"220":0,"221":0,"222":0,"223":0,"224":0,"225":0,"226":0,"227":0,"228":0,"229":0,"230":0,"231":0,"232":0,"233":0,"234":0,"235":0,"236":0,"237":0,"238":0,"239":0,"240":0,"241":0,"242":0,"243":0,"244":0,"245":0,"246":0,"247":0,"248":0,"249":0,"250":0,"251":0,"252":0,"253":0,"254":0,"255":0,"256":0,"257":0,"258":0,"259":0,"260":0,"261":0,"262":0,"263":0,"264":0,"265":0},"f":{"0":0,"1":0,"2":0,"3":0,"4":0,"5":0,"6":0,"7":0,"8":0,"9":0,"10":0,"11":0,"12":0,"13":0,"14":0,"15":0,"16":0,"17":0,"18":0,"19":0,"20":0,"21":0,"22":0,"23":0,"24":0,"25":0,"26":0,"27":0,"28":0,"29":0,"30":0,"31":0,"32":0,"33":0,"34":0,"35":0,"36":0,"37":0,"38":0,"39":0,"40":0,"41":0,"42":0,"43":0,"44":0,"45":0,"46":0,"47":0,"48":0,"49":0,"50":0},"b":{"0":[0],"1":[0,0],"2":[0,0],"3":[0,0],"4":[0,0],"5":[0,0],"6":[0,0],"7":[0,0],"8":[0,0],"9":[0],"10":[0,0],"11":[0,0],"12":[0,0],"13":[0,0],"14":[0,0],"15":[0,0],"16":[0,0],"17":[0,0],"18":[0],"19":[0],"20":[0,0],"21":[0,0],"22":[0,0],"23":[0,0],"24":[0,0],"25":[0,0],"26":[0,0],"27":[0,0],"28":[0,0],"29":[0,0],"30":[0,0],"31":[0,0],"32":[0,0],"33":[0,0],"34":[0,0],"35":[0,0],"36":[0,0],"37":[0,0],"38":[0,0],"39":[0,0],"40":[0,0],"41":[0,0],"42":[0,0],"43":[0,0],"44":[0,0],"45":[0,0],"46":[0,0],"47":[0,0],"48":[0,0],"49":[0,0],"50":[0,0],"51":[0,0],"52":[0,0],"53":[0,0],"54":[0,0],"55":[0,0],"56":[0,0],"57":[0,0],"58":[0,0],"59":[0,0],"60":[0,0],"61":[0,0],"62":[0,0],"63":[0,0],"64":[0,0],"65":[0,0],"66":[0,0],"67":[0,0],"68":[0,0],"69":[0,0],"70":[0,0],"71":[0,0],"72":[0,0]},"_coverageSchema":"1a1c01bbd47fc00a2c39e90264f33305004495a9","hash":"1750281c309b1e938acdc165b871e533cfc08222"}
,"C:\\Users\\sreen\\Desktop\\freelance\\learning-platform\\server\\controllers\\auth.controller.js": {"path":"C:\\Users\\sreen\\Desktop\\freelance\\learning-platform\\server\\controllers\\auth.controller.js","statementMap":{"0":{"start":{"line":5,"column":29},"end":{"line":5,"column":57}},"1":{"start":{"line":6,"column":12},"end":{"line":6,"column":35}},"2":{"start":{"line":7,"column":15},"end":{"line":7,"column":34}},"3":{"start":{"line":8,"column":15},"end":{"line":8,"column":32}},"4":{"start":{"line":9,"column":13},"end":{"line":9,"column":44}},"5":{"start":{"line":10,"column":15},"end":{"line":10,"column":41}},"6":{"start":{"line":13,"column":20},"end":{"line":14,"column":113}},"7":{"start":{"line":18,"column":0},"end":{"line":28,"column":1}},"8":{"start":{"line":19,"column":2},"end":{"line":27,"column":3}},"9":{"start":{"line":20,"column":4},"end":{"line":20,"column":47}},"10":{"start":{"line":21,"column":4},"end":{"line":21,"column":62}},"11":{"start":{"line":22,"column":4},"end":{"line":22,"column":44}},"12":{"start":{"line":23,"column":4},"end":{"line":23,"column":61}},"13":{"start":{"line":24,"column":4},"end":{"line":24,"column":58}},"14":{"start":{"line":26,"column":4},"end":{"line":26,"column":71}},"15":{"start":{"line":35,"column":0},"end":{"line":74,"column":2}},"16":{"start":{"line":37,"column":17},"end":{"line":37,"column":38}},"17":{"start":{"line":38,"column":2},"end":{"line":40,"column":3}},"18":{"start":{"line":39,"column":4},"end":{"line":39,"column":60}},"19":{"start":{"line":42,"column":49},"end":{"line":42,"column":57}},"20":{"start":{"line":44,"column":2},"end":{"line":73,"column":3}},"21":{"start":{"line":46,"column":15},"end":{"line":46,"column":44}},"22":{"start":{"line":47,"column":4},"end":{"line":49,"column":5}},"23":{"start":{"line":48,"column":6},"end":{"line":48,"column":70}},"24":{"start":{"line":52,"column":4},"end":{"line":57,"column":7}},"25":{"start":{"line":60,"column":4},"end":{"line":60,"column":22}},"26":{"start":{"line":63,"column":18},"end":{"line":63,"column":42}},"27":{"start":{"line":66,"column":4},"end":{"line":69,"column":7}},"28":{"start":{"line":71,"column":4},"end":{"line":71,"column":56}},"29":{"start":{"line":72,"column":4},"end":{"line":72,"column":76}},"30":{"start":{"line":81,"column":0},"end":{"line":162,"column":2}},"31":{"start":{"line":83,"column":17},"end":{"line":83,"column":38}},"32":{"start":{"line":84,"column":2},"end":{"line":86,"column":3}},"33":{"start":{"line":85,"column":4},"end":{"line":85,"column":60}},"34":{"start":{"line":88,"column":30},"end":{"line":88,"column":38}},"35":{"start":{"line":91,"column":2},"end":{"line":91,"column":58}},"36":{"start":{"line":93,"column":2},"end":{"line":161,"column":3}},"37":{"start":{"line":96,"column":18},"end":{"line":96,"column":23}},"38":{"start":{"line":98,"column":4},"end":{"line":144,"column":5}},"39":{"start":{"line":100,"column":6},"end":{"line":100,"column":52}},"40":{"start":{"line":102,"column":6},"end":{"line":104,"column":7}},"41":{"start":{"line":103,"column":8},"end":{"line":103,"column":72}},"42":{"start":{"line":107,"column":6},"end":{"line":107,"column":78}},"43":{"start":{"line":110,"column":6},"end":{"line":110,"column":60}},"44":{"start":{"line":112,"column":6},"end":{"line":114,"column":7}},"45":{"start":{"line":113,"column":8},"end":{"line":113,"column":72}},"46":{"start":{"line":117,"column":6},"end":{"line":117,"column":35}},"47":{"start":{"line":120,"column":6},"end":{"line":120,"column":50}},"48":{"start":{"line":122,"column":6},"end":{"line":122,"column":71}},"49":{"start":{"line":125,"column":6},"end":{"line":125,"column":63}},"50":{"start":{"line":127,"column":6},"end":{"line":129,"column":7}},"51":{"start":{"line":128,"column":8},"end":{"line":128,"column":72}},"52":{"start":{"line":132,"column":6},"end":{"line":132,"column":51}},"53":{"start":{"line":134,"column":6},"end":{"line":136,"column":7}},"54":{"start":{"line":135,"column":8},"end":{"line":135,"column":72}},"55":{"start":{"line":139,"column":6},"end":{"line":139,"column":35}},"56":{"start":{"line":140,"column":6},"end":{"line":140,"column":24}},"57":{"start":{"line":143,"column":6},"end":{"line":143,"column":39}},"58":{"start":{"line":147,"column":4},"end":{"line":157,"column":7}},"59":{"start":{"line":159,"column":4},"end":{"line":159,"column":53}},"60":{"start":{"line":160,"column":4},"end":{"line":160,"column":76}},"61":{"start":{"line":169,"column":0},"end":{"line":200,"column":2}},"62":{"start":{"line":170,"column":2},"end":{"line":199,"column":3}},"63":{"start":{"line":173,"column":4},"end":{"line":193,"column":5}},"64":{"start":{"line":175,"column":6},"end":{"line":175,"column":55}},"65":{"start":{"line":177,"column":6},"end":{"line":179,"column":7}},"66":{"start":{"line":178,"column":8},"end":{"line":178,"column":67}},"67":{"start":{"line":182,"column":51},"end":{"line":182,"column":55}},"68":{"start":{"line":183,"column":6},"end":{"line":183,"column":33}},"69":{"start":{"line":185,"column":6},"end":{"line":185,"column":64}},"70":{"start":{"line":188,"column":6},"end":{"line":188,"column":66}},"71":{"start":{"line":190,"column":6},"end":{"line":192,"column":7}},"72":{"start":{"line":191,"column":8},"end":{"line":191,"column":67}},"73":{"start":{"line":195,"column":4},"end":{"line":195,"column":19}},"74":{"start":{"line":197,"column":4},"end":{"line":197,"column":53}},"75":{"start":{"line":198,"column":4},"end":{"line":198,"column":76}},"76":{"start":{"line":207,"column":0},"end":{"line":241,"column":2}},"77":{"start":{"line":209,"column":17},"end":{"line":209,"column":38}},"78":{"start":{"line":210,"column":2},"end":{"line":212,"column":3}},"79":{"start":{"line":211,"column":4},"end":{"line":211,"column":60}},"80":{"start":{"line":214,"column":2},"end":{"line":240,"column":3}},"81":{"start":{"line":215,"column":34},"end":{"line":215,"column":42}},"82":{"start":{"line":216,"column":25},"end":{"line":216,"column":27}},"83":{"start":{"line":219,"column":4},"end":{"line":219,"column":39}},"84":{"start":{"line":219,"column":14},"end":{"line":219,"column":39}},"85":{"start":{"line":220,"column":4},"end":{"line":220,"column":60}},"86":{"start":{"line":220,"column":21},"end":{"line":220,"column":60}},"87":{"start":{"line":223,"column":17},"end":{"line":227,"column":5}},"88":{"start":{"line":229,"column":4},"end":{"line":231,"column":5}},"89":{"start":{"line":230,"column":6},"end":{"line":230,"column":65}},"90":{"start":{"line":233,"column":4},"end":{"line":236,"column":7}},"91":{"start":{"line":238,"column":4},"end":{"line":238,"column":61}},"92":{"start":{"line":239,"column":4},"end":{"line":239,"column":76}},"93":{"start":{"line":248,"column":0},"end":{"line":283,"column":2}},"94":{"start":{"line":250,"column":17},"end":{"line":250,"column":38}},"95":{"start":{"line":251,"column":2},"end":{"line":253,"column":3}},"96":{"start":{"line":252,"column":4},"end":{"line":252,"column":60}},"97":{"start":{"line":255,"column":2},"end":{"line":282,"column":3}},"98":{"start":{"line":256,"column":45},"end":{"line":256,"column":53}},"99":{"start":{"line":259,"column":17},"end":{"line":259,"column":69}},"100":{"start":{"line":261,"column":4},"end":{"line":263,"column":5}},"101":{"start":{"line":262,"column":6},"end":{"line":262,"column":65}},"102":{"start":{"line":266,"column":20},"end":{"line":266,"column":61}},"103":{"start":{"line":267,"column":4},"end":{"line":269,"column":5}},"104":{"start":{"line":268,"column":6},"end":{"line":268,"column":80}},"105":{"start":{"line":272,"column":4},"end":{"line":272,"column":32}},"106":{"start":{"line":273,"column":4},"end":{"line":273,"column":22}},"107":{"start":{"line":275,"column":4},"end":{"line":278,"column":7}},"108":{"start":{"line":280,"column":4},"end":{"line":280,"column":62}},"109":{"start":{"line":281,"column":4},"end":{"line":281,"column":76}},"110":{"start":{"line":290,"column":0},"end":{"line":324,"column":2}},"111":{"start":{"line":292,"column":17},"end":{"line":292,"column":38}},"112":{"start":{"line":293,"column":2},"end":{"line":295,"column":3}},"113":{"start":{"line":294,"column":4},"end":{"line":294,"column":60}},"114":{"start":{"line":297,"column":2},"end":{"line":323,"column":3}},"115":{"start":{"line":298,"column":22},"end":{"line":298,"column":30}},"116":{"start":{"line":300,"column":17},"end":{"line":300,"column":46}},"117":{"start":{"line":301,"column":4},"end":{"line":303,"column":5}},"118":{"start":{"line":302,"column":6},"end":{"line":302,"column":65}},"119":{"start":{"line":306,"column":23},"end":{"line":306,"column":51}},"120":{"start":{"line":307,"column":4},"end":{"line":307,"column":51}},"121":{"start":{"line":310,"column":21},"end":{"line":310,"column":88}},"122":{"start":{"line":314,"column":4},"end":{"line":319,"column":7}},"123":{"start":{"line":321,"column":4},"end":{"line":321,"column":62}},"124":{"start":{"line":322,"column":4},"end":{"line":322,"column":76}}},"fnMap":{"0":{"name":"(anonymous_0)","decl":{"start":{"line":35,"column":19},"end":{"line":35,"column":20}},"loc":{"start":{"line":35,"column":39},"end":{"line":74,"column":1}},"line":35},"1":{"name":"(anonymous_1)","decl":{"start":{"line":81,"column":16},"end":{"line":81,"column":17}},"loc":{"start":{"line":81,"column":36},"end":{"line":162,"column":1}},"line":81},"2":{"name":"(anonymous_2)","decl":{"start":{"line":169,"column":16},"end":{"line":169,"column":17}},"loc":{"start":{"line":169,"column":36},"end":{"line":200,"column":1}},"line":169},"3":{"name":"(anonymous_3)","decl":{"start":{"line":207,"column":24},"end":{"line":207,"column":25}},"loc":{"start":{"line":207,"column":44},"end":{"line":241,"column":1}},"line":207},"4":{"name":"(anonymous_4)","decl":{"start":{"line":248,"column":25},"end":{"line":248,"column":26}},"loc":{"start":{"line":248,"column":45},"end":{"line":283,"column":1}},"line":248},"5":{"name":"(anonymous_5)","decl":{"start":{"line":290,"column":25},"end":{"line":290,"column":26}},"loc":{"start":{"line":290,"column":45},"end":{"line":324,"column":1}},"line":290}},"branchMap":{"0":{"loc":{"start":{"line":13,"column":20},"end":{"line":14,"column":113}},"type":"binary-expr","locations":[{"start":{"line":13,"column":20},"end":{"line":13,"column":58}},{"start":{"line":14,"column":21},"end":{"line":14,"column":43}},{"start":{"line":14,"column":47},"end":{"line":14,"column":112}}],"line":13},"1":{"loc":{"start":{"line":18,"column":0},"end":{"line":28,"column":1}},"type":"if","locations":[{"start":{"line":18,"column":0},"end":{"line":28,"column":1}},{"start":{},"end":{}}],"line":18},"2":{"loc":{"start":{"line":38,"column":2},"end":{"line":40,"column":3}},"type":"if","locations":[{"start":{"line":38,"column":2},"end":{"line":40,"column":3}},{"start":{},"end":{}}],"line":38},"3":{"loc":{"start":{"line":47,"column":4},"end":{"line":49,"column":5}},"type":"if","locations":[{"start":{"line":47,"column":4},"end":{"line":49,"column":5}},{"start":{},"end":{}}],"line":47},"4":{"loc":{"start":{"line":56,"column":19},"end":{"line":56,"column":36}},"type":"binary-expr","locations":[{"start":{"line":56,"column":19},"end":{"line":56,"column":30}},{"start":{"line":56,"column":34},"end":{"line":56,"column":36}}],"line":56},"5":{"loc":{"start":{"line":84,"column":2},"end":{"line":86,"column":3}},"type":"if","locations":[{"start":{"line":84,"column":2},"end":{"line":86,"column":3}},{"start":{},"end":{}}],"line":84},"6":{"loc":{"start":{"line":98,"column":4},"end":{"line":144,"column":5}},"type":"if","locations":[{"start":{"line":98,"column":4},"end":{"line":144,"column":5}},{"start":{"line":123,"column":11},"end":{"line":144,"column":5}}],"line":98},"7":{"loc":{"start":{"line":98,"column":8},"end":{"line":98,"column":38}},"type":"binary-expr","locations":[{"start":{"line":98,"column":8},"end":{"line":98,"column":19}},{"start":{"line":98,"column":23},"end":{"line":98,"column":38}}],"line":98},"8":{"loc":{"start":{"line":102,"column":6},"end":{"line":104,"column":7}},"type":"if","locations":[{"start":{"line":102,"column":6},"end":{"line":104,"column":7}},{"start":{},"end":{}}],"line":102},"9":{"loc":{"start":{"line":112,"column":6},"end":{"line":114,"column":7}},"type":"if","locations":[{"start":{"line":112,"column":6},"end":{"line":114,"column":7}},{"start":{},"end":{}}],"line":112},"10":{"loc":{"start":{"line":127,"column":6},"end":{"line":129,"column":7}},"type":"if","locations":[{"start":{"line":127,"column":6},"end":{"line":129,"column":7}},{"start":{},"end":{}}],"line":127},"11":{"loc":{"start":{"line":134,"column":6},"end":{"line":136,"column":7}},"type":"if","locations":[{"start":{"line":134,"column":6},"end":{"line":136,"column":7}},{"start":{},"end":{}}],"line":134},"12":{"loc":{"start":{"line":173,"column":4},"end":{"line":193,"column":5}},"type":"if","locations":[{"start":{"line":173,"column":4},"end":{"line":193,"column":5}},{"start":{"line":186,"column":11},"end":{"line":193,"column":5}}],"line":173},"13":{"loc":{"start":{"line":173,"column":8},"end":{"line":173,"column":38}},"type":"binary-expr","locations":[{"start":{"line":173,"column":8},"end":{"line":173,"column":19}},{"start":{"line":173,"column":23},"end":{"line":173,"column":38}}],"line":173},"14":{"loc":{"start":{"line":177,"column":6},"end":{"line":179,"column":7}},"type":"if","locations":[{"start":{"line":177,"column":6},"end":{"line":179,"column":7}},{"start":{},"end":{}}],"line":177},"15":{"loc":{"start":{"line":190,"column":6},"end":{"line":192,"column":7}},"type":"if","locations":[{"start":{"line":190,"column":6},"end":{"line":192,"column":7}},{"start":{},"end":{}}],"line":190},"16":{"loc":{"start":{"line":210,"column":2},"end":{"line":212,"column":3}},"type":"if","locations":[{"start":{"line":210,"column":2},"end":{"line":212,"column":3}},{"start":{},"end":{}}],"line":210},"17":{"loc":{"start":{"line":219,"column":4},"end":{"line":219,"column":39}},"type":"if","locations":[{"start":{"line":219,"column":4},"end":{"line":219,"column":39}},{"start":{},"end":{}}],"line":219},"18":{"loc":{"start":{"line":220,"column":4},"end":{"line":220,"column":60}},"type":"if","locations":[{"start":{"line":220,"column":4},"end":{"line":220,"column":60}},{"start":{},"end":{}}],"line":220},"19":{"loc":{"start":{"line":229,"column":4},"end":{"line":231,"column":5}},"type":"if","locations":[{"start":{"line":229,"column":4},"end":{"line":231,"column":5}},{"start":{},"end":{}}],"line":229},"20":{"loc":{"start":{"line":251,"column":2},"end":{"line":253,"column":3}},"type":"if","locations":[{"start":{"line":251,"column":2},"end":{"line":253,"column":3}},{"start":{},"end":{}}],"line":251},"21":{"loc":{"start":{"line":261,"column":4},"end":{"line":263,"column":5}},"type":"if","locations":[{"start":{"line":261,"column":4},"end":{"line":263,"column":5}},{"start":{},"end":{}}],"line":261},"22":{"loc":{"start":{"line":267,"column":4},"end":{"line":269,"column":5}},"type":"if","locations":[{"start":{"line":267,"column":4},"end":{"line":269,"column":5}},{"start":{},"end":{}}],"line":267},"23":{"loc":{"start":{"line":293,"column":2},"end":{"line":295,"column":3}},"type":"if","locations":[{"start":{"line":293,"column":2},"end":{"line":295,"column":3}},{"start":{},"end":{}}],"line":293},"24":{"loc":{"start":{"line":301,"column":4},"end":{"line":303,"column":5}},"type":"if","locations":[{"start":{"line":301,"column":4},"end":{"line":303,"column":5}},{"start":{},"end":{}}],"line":301}},"s":{"0":5,"1":5,"2":5,"3":5,"4":5,"5":5,"6":5,"7":5,"8":0,"9":0,"10":0,"11":0,"12":0,"13":0,"14":0,"15":5,"16":0,"17":0,"18":0,"19":0,"20":0,"21":0,"22":0,"23":0,"24":0,"25":0,"26":0,"27":0,"28":0,"29":0,"30":5,"31":0,"32":0,"33":0,"34":0,"35":0,"36":0,"37":0,"38":0,"39":0,"40":0,"41":0,"42":0,"43":0,"44":0,"45":0,"46":0,"47":0,"48":0,"49":0,"50":0,"51":0,"52":0,"53":0,"54":0,"55":0,"56":0,"57":0,"58":0,"59":0,"60":0,"61":5,"62":0,"63":0,"64":0,"65":0,"66":0,"67":0,"68":0,"69":0,"70":0,"71":0,"72":0,"73":0,"74":0,"75":0,"76":5,"77":0,"78":0,"79":0,"80":0,"81":0,"82":0,"83":0,"84":0,"85":0,"86":0,"87":0,"88":0,"89":0,"90":0,"91":0,"92":0,"93":5,"94":0,"95":0,"96":0,"97":0,"98":0,"99":0,"100":0,"101":0,"102":0,"103":0,"104":0,"105":0,"106":0,"107":0,"108":0,"109":0,"110":5,"111":0,"112":0,"113":0,"114":0,"115":0,"116":0,"117":0,"118":0,"119":0,"120":0,"121":0,"122":0,"123":0,"124":0},"f":{"0":0,"1":0,"2":0,"3":0,"4":0,"5":0},"b":{"0":[5,0,0],"1":[0,5],"2":[0,0],"3":[0,0],"4":[0,0],"5":[0,0],"6":[0,0],"7":[0,0],"8":[0,0],"9":[0,0],"10":[0,0],"11":[0,0],"12":[0,0],"13":[0,0],"14":[0,0],"15":[0,0],"16":[0,0],"17":[0,0],"18":[0,0],"19":[0,0],"20":[0,0],"21":[0,0],"22":[0,0],"23":[0,0],"24":[0,0]},"_coverageSchema":"1a1c01bbd47fc00a2c39e90264f33305004495a9","hash":"1b9d4fec0680e9503a206cb5bb5fe493fb5ac5d3"}
,"C:\\Users\\sreen\\Desktop\\freelance\\learning-platform\\server\\controllers\\content.controller.js": {"path":"C:\\Users\\sreen\\Desktop\\freelance\\learning-platform\\server\\controllers\\content.controller.js","statementMap":{"0":{"start":{"line":4,"column":29},"end":{"line":4,"column":57}},"1":{"start":{"line":5,"column":16},"end":{"line":5,"column":50}},"2":{"start":{"line":6,"column":15},"end":{"line":6,"column":41}},"3":{"start":{"line":7,"column":52},"end":{"line":7,"column":93}},"4":{"start":{"line":10,"column":20},"end":{"line":11,"column":113}},"5":{"start":{"line":16,"column":20},"end":{"line":19,"column":1}},"6":{"start":{"line":18,"column":20},"end":{"line":18,"column":76}},"7":{"start":{"line":26,"column":0},"end":{"line":88,"column":2}},"8":{"start":{"line":27,"column":2},"end":{"line":87,"column":3}},"9":{"start":{"line":28,"column":19},"end":{"line":28,"column":30}},"10":{"start":{"line":29,"column":50},"end":{"line":29,"column":59}},"11":{"start":{"line":31,"column":18},"end":{"line":31,"column":20}},"12":{"start":{"line":32,"column":16},"end":{"line":32,"column":17}},"13":{"start":{"line":34,"column":4},"end":{"line":73,"column":5}},"14":{"start":{"line":37,"column":28},"end":{"line":37,"column":84}},"15":{"start":{"line":37,"column":63},"end":{"line":37,"column":83}},"16":{"start":{"line":40,"column":6},"end":{"line":42,"column":7}},"17":{"start":{"line":41,"column":8},"end":{"line":41,"column":77}},"18":{"start":{"line":41,"column":57},"end":{"line":41,"column":75}},"19":{"start":{"line":45,"column":6},"end":{"line":45,"column":84}},"20":{"start":{"line":45,"column":37},"end":{"line":45,"column":82}},"21":{"start":{"line":48,"column":19},"end":{"line":48,"column":37}},"22":{"start":{"line":49,"column":6},"end":{"line":49,"column":68}},"23":{"start":{"line":50,"column":6},"end":{"line":50,"column":37}},"24":{"start":{"line":52,"column":6},"end":{"line":52,"column":63}},"25":{"start":{"line":55,"column":25},"end":{"line":55,"column":41}},"26":{"start":{"line":58,"column":6},"end":{"line":60,"column":7}},"27":{"start":{"line":59,"column":8},"end":{"line":59,"column":31}},"28":{"start":{"line":63,"column":19},"end":{"line":63,"column":37}},"29":{"start":{"line":66,"column":6},"end":{"line":69,"column":32}},"30":{"start":{"line":72,"column":6},"end":{"line":72,"column":55}},"31":{"start":{"line":75,"column":4},"end":{"line":83,"column":7}},"32":{"start":{"line":85,"column":4},"end":{"line":85,"column":62}},"33":{"start":{"line":86,"column":4},"end":{"line":86,"column":83}},"34":{"start":{"line":95,"column":0},"end":{"line":126,"column":2}},"35":{"start":{"line":96,"column":2},"end":{"line":125,"column":3}},"36":{"start":{"line":97,"column":22},"end":{"line":97,"column":35}},"37":{"start":{"line":98,"column":19},"end":{"line":98,"column":30}},"38":{"start":{"line":102,"column":4},"end":{"line":115,"column":5}},"39":{"start":{"line":104,"column":6},"end":{"line":106,"column":8}},"40":{"start":{"line":105,"column":8},"end":{"line":105,"column":54}},"41":{"start":{"line":108,"column":6},"end":{"line":108,"column":69}},"42":{"start":{"line":111,"column":6},"end":{"line":114,"column":9}},"43":{"start":{"line":117,"column":4},"end":{"line":119,"column":5}},"44":{"start":{"line":118,"column":6},"end":{"line":118,"column":68}},"45":{"start":{"line":121,"column":4},"end":{"line":121,"column":33}},"46":{"start":{"line":123,"column":4},"end":{"line":123,"column":62}},"47":{"start":{"line":124,"column":4},"end":{"line":124,"column":83}},"48":{"start":{"line":133,"column":0},"end":{"line":205,"column":2}},"49":{"start":{"line":135,"column":17},"end":{"line":135,"column":38}},"50":{"start":{"line":136,"column":2},"end":{"line":138,"column":3}},"51":{"start":{"line":137,"column":4},"end":{"line":137,"column":60}},"52":{"start":{"line":140,"column":2},"end":{"line":204,"column":3}},"53":{"start":{"line":142,"column":4},"end":{"line":142,"column":77}},"54":{"start":{"line":145,"column":61},"end":{"line":145,"column":69}},"55":{"start":{"line":146,"column":19},"end":{"line":146,"column":30}},"56":{"start":{"line":149,"column":4},"end":{"line":158,"column":5}},"57":{"start":{"line":150,"column":6},"end":{"line":157,"column":9}},"58":{"start":{"line":161,"column":23},"end":{"line":169,"column":5}},"59":{"start":{"line":173,"column":4},"end":{"line":184,"column":5}},"60":{"start":{"line":175,"column":6},"end":{"line":175,"column":48}},"61":{"start":{"line":176,"column":6},"end":{"line":176,"column":43}},"62":{"start":{"line":177,"column":6},"end":{"line":177,"column":32}},"63":{"start":{"line":179,"column":6},"end":{"line":179,"column":62}},"64":{"start":{"line":182,"column":27},"end":{"line":182,"column":50}},"65":{"start":{"line":183,"column":6},"end":{"line":183,"column":47}},"66":{"start":{"line":187,"column":4},"end":{"line":187,"column":84}},"67":{"start":{"line":190,"column":4},"end":{"line":195,"column":7}},"68":{"start":{"line":197,"column":4},"end":{"line":197,"column":61}},"69":{"start":{"line":198,"column":4},"end":{"line":198,"column":30}},"70":{"start":{"line":199,"column":4},"end":{"line":203,"column":7}},"71":{"start":{"line":212,"column":0},"end":{"line":283,"column":2}},"72":{"start":{"line":214,"column":17},"end":{"line":214,"column":38}},"73":{"start":{"line":215,"column":2},"end":{"line":217,"column":3}},"74":{"start":{"line":216,"column":4},"end":{"line":216,"column":60}},"75":{"start":{"line":219,"column":2},"end":{"line":282,"column":3}},"76":{"start":{"line":220,"column":22},"end":{"line":220,"column":35}},"77":{"start":{"line":221,"column":19},"end":{"line":221,"column":30}},"78":{"start":{"line":222,"column":47},"end":{"line":222,"column":55}},"79":{"start":{"line":225,"column":23},"end":{"line":231,"column":5}},"80":{"start":{"line":234,"column":4},"end":{"line":236,"column":6}},"81":{"start":{"line":235,"column":6},"end":{"line":235,"column":61}},"82":{"start":{"line":240,"column":4},"end":{"line":270,"column":5}},"83":{"start":{"line":242,"column":27},"end":{"line":244,"column":7}},"84":{"start":{"line":243,"column":8},"end":{"line":243,"column":54}},"85":{"start":{"line":246,"column":6},"end":{"line":248,"column":7}},"86":{"start":{"line":247,"column":8},"end":{"line":247,"column":70}},"87":{"start":{"line":251,"column":6},"end":{"line":254,"column":8}},"88":{"start":{"line":256,"column":6},"end":{"line":256,"column":57}},"89":{"start":{"line":258,"column":6},"end":{"line":258,"column":60}},"90":{"start":{"line":261,"column":6},"end":{"line":265,"column":8}},"91":{"start":{"line":267,"column":6},"end":{"line":269,"column":7}},"92":{"start":{"line":268,"column":8},"end":{"line":268,"column":70}},"93":{"start":{"line":273,"column":4},"end":{"line":273,"column":58}},"94":{"start":{"line":276,"column":4},"end":{"line":276,"column":84}},"95":{"start":{"line":278,"column":4},"end":{"line":278,"column":36}},"96":{"start":{"line":280,"column":4},"end":{"line":280,"column":61}},"97":{"start":{"line":281,"column":4},"end":{"line":281,"column":83}},"98":{"start":{"line":290,"column":0},"end":{"line":332,"column":2}},"99":{"start":{"line":291,"column":2},"end":{"line":331,"column":3}},"100":{"start":{"line":292,"column":22},"end":{"line":292,"column":35}},"101":{"start":{"line":293,"column":19},"end":{"line":293,"column":30}},"102":{"start":{"line":297,"column":4},"end":{"line":319,"column":5}},"103":{"start":{"line":299,"column":27},"end":{"line":301,"column":7}},"104":{"start":{"line":300,"column":8},"end":{"line":300,"column":54}},"105":{"start":{"line":303,"column":6},"end":{"line":305,"column":7}},"106":{"start":{"line":304,"column":8},"end":{"line":304,"column":70}},"107":{"start":{"line":308,"column":6},"end":{"line":308,"column":50}},"108":{"start":{"line":309,"column":6},"end":{"line":309,"column":33}},"109":{"start":{"line":311,"column":6},"end":{"line":311,"column":62}},"110":{"start":{"line":314,"column":6},"end":{"line":314,"column":80}},"111":{"start":{"line":316,"column":6},"end":{"line":318,"column":7}},"112":{"start":{"line":317,"column":8},"end":{"line":317,"column":70}},"113":{"start":{"line":322,"column":4},"end":{"line":322,"column":58}},"114":{"start":{"line":325,"column":4},"end":{"line":325,"column":84}},"115":{"start":{"line":327,"column":4},"end":{"line":327,"column":65}},"116":{"start":{"line":329,"column":4},"end":{"line":329,"column":61}},"117":{"start":{"line":330,"column":4},"end":{"line":330,"column":83}}},"fnMap":{"0":{"name":"(anonymous_0)","decl":{"start":{"line":18,"column":14},"end":{"line":18,"column":15}},"loc":{"start":{"line":18,"column":20},"end":{"line":18,"column":76}},"line":18},"1":{"name":"(anonymous_1)","decl":{"start":{"line":26,"column":25},"end":{"line":26,"column":26}},"loc":{"start":{"line":26,"column":45},"end":{"line":88,"column":1}},"line":26},"2":{"name":"(anonymous_2)","decl":{"start":{"line":37,"column":55},"end":{"line":37,"column":56}},"loc":{"start":{"line":37,"column":63},"end":{"line":37,"column":83}},"line":37},"3":{"name":"(anonymous_3)","decl":{"start":{"line":41,"column":49},"end":{"line":41,"column":50}},"loc":{"start":{"line":41,"column":57},"end":{"line":41,"column":75}},"line":41},"4":{"name":"(anonymous_4)","decl":{"start":{"line":45,"column":27},"end":{"line":45,"column":28}},"loc":{"start":{"line":45,"column":37},"end":{"line":45,"column":82}},"line":45},"5":{"name":"(anonymous_5)","decl":{"start":{"line":95,"column":25},"end":{"line":95,"column":26}},"loc":{"start":{"line":95,"column":45},"end":{"lin
[...]
,"C:\\Users\\sreen\\Desktop\\freelance\\learning-platform\\server\\services\\prompts\\basePrompts.js": {"path":"C:\\Users\\sreen\\Desktop\\freelance\\learning-platform\\server\\services\\prompts\\basePrompts.js","statementMap":{"0":{"start":{"line":7,"column":23},"end":{"line":25,"column":1}},"1":{"start":{"line":28,"column":29},"end":{"line":53,"column":1}},"2":{"start":{"line":62,"column":32},"end":{"line":71,"column":1}},"3":{"start":{"line":63,"column":19},"end":{"line":63,"column":71}},"4":{"start":{"line":65,"column":2},"end":{"line":70,"column":4}},"5":{"start":{"line":81,"column":34},"end":{"line":91,"column":1}},"6":{"start":{"line":82,"column":24},"end":{"line":82,"column":76}},"7":{"start":{"line":83,"column":23},"end":{"line":83,"column":92}},"8":{"start":{"line":85,"column":2},"end":{"line":90,"column":4}},"9":{"start":{"line":99,"column":32},"end":{"line":102,"column":1}},"10":{"start":{"line":100,"column":38},"end":{"line":100,"column":54}},"11":{"start":{"line":101,"column":2},"end":{"line":101,"column":40}},"12":{"start":{"line":104,"column":0},"end":{"line":110,"column":2}}},"fnMap":{"0":{"name":"(anonymous_0)","decl":{"start":{"line":62,"column":32},"end":{"line":62,"column":33}},"loc":{"start":{"line":62,"column":67},"end":{"line":71,"column":1}},"line":62},"1":{"name":"(anonymous_1)","decl":{"start":{"line":81,"column":34},"end":{"line":81,"column":35}},"loc":{"start":{"line":81,"column":98},"end":{"line":91,"column":1}},"line":81},"2":{"name":"(anonymous_2)","decl":{"start":{"line":99,"column":32},"end":{"line":99,"column":33}},"loc":{"start":{"line":99,"column":54},"end":{"line":102,"column":1}},"line":99}},"branchMap":{"0":{"loc":{"start":{"line":62,"column":40},"end":{"line":62,"column":62}},"type":"default-arg","locations":[{"start":{"line":62,"column":48},"end":{"line":62,"column":62}}],"line":62},"1":{"loc":{"start":{"line":63,"column":19},"end":{"line":63,"column":71}},"type":"binary-expr","locations":[{"start":{"line":63,"column":19},"end":{"line":63,"column":40}},{"start":{"line":63,"column":44},"end":{"line":63,"column":71}}],"line":63},"2":{"loc":{"start":{"line":81,"column":42},"end":{"line":81,"column":69}},"type":"default-arg","locations":[{"start":{"line":81,"column":56},"end":{"line":81,"column":69}}],"line":81},"3":{"loc":{"start":{"line":81,"column":71},"end":{"line":81,"column":93}},"type":"default-arg","locations":[{"start":{"line":81,"column":79},"end":{"line":81,"column":93}}],"line":81},"4":{"loc":{"start":{"line":82,"column":24},"end":{"line":82,"column":76}},"type":"binary-expr","locations":[{"start":{"line":82,"column":24},"end":{"line":82,"column":45}},{"start":{"line":82,"column":49},"end":{"line":82,"column":76}}],"line":82},"5":{"loc":{"start":{"line":83,"column":23},"end":{"line":83,"column":92}},"type":"binary-expr","locations":[{"start":{"line":83,"column":23},"end":{"line":83,"column":56}},{"start":{"line":83,"column":60},"end":{"line":83,"column":92}}],"line":83}},"s":{"0":5,"1":5,"2":5,"3":0,"4":0,"5":5,"6":0,"7":0,"8":0,"9":5,"10":0,"11":0,"12":5},"f":{"0":0,"1":0,"2":0},"b":{"0":[0],"1":[0,0],"2":[0],"3":[0],"4":[0,0],"5":[0,0]},"_coverageSchema":"1a1c01bbd47fc00a2c39e90264f33305004495a9","hash":"05be05121931fe65b13fe8a29f46852e198d1906"}
,"C:\\Users\\sreen\\Desktop\\freelance\\learning-platform\\server\\services\\prompts\\domainPrompts.js": {"path":"C:\\Users\\sreen\\Desktop\\freelance\\learning-platform\\server\\services\\prompts\\domainPrompts.js","statementMap":{"0":{"start":{"line":6,"column":27},"end":{"line":6,"column":51}},"1":{"start":{"line":9,"column":24},"end":{"line":81,"column":1}},"2":{"start":{"line":89,"column":26},"end":{"line":101,"column":1}},"3":{"start":{"line":90,"column":21},"end":{"line":90,"column":40}},"4":{"start":{"line":92,"column":2},"end":{"line":98,"column":3}},"5":{"start":{"line":93,"column":4},"end":{"line":97,"column":5}},"6":{"start":{"line":94,"column":6},"end":{"line":96,"column":7}},"7":{"start":{"line":95,"column":8},"end":{"line":95,"column":22}},"8":{"start":{"line":100,"column":2},"end":{"line":100,"column":14}},"9":{"start":{"line":110,"column":29},"end":{"line":137,"column":1}},"10":{"start":{"line":112,"column":17},"end":{"line":112,"column":41}},"11":{"start":{"line":115,"column":2},"end":{"line":123,"column":3}},"12":{"start":{"line":116,"column":26},"end":{"line":116,"column":78}},"13":{"start":{"line":117,"column":4},"end":{"line":122,"column":6}},"14":{"start":{"line":126,"column":25},"end":{"line":126,"column":48}},"15":{"start":{"line":129,"column":24},"end":{"line":129,"column":76}},"16":{"start":{"line":131,"column":2},"end":{"line":136,"column":4}},"17":{"start":{"line":139,"column":0},"end":{"line":143,"column":2}}},"fnMap":{"0":{"name":"(anonymous_0)","decl":{"start":{"line":89,"column":26},"end":{"line":89,"column":27}},"loc":{"start":{"line":89,"column":37},"end":{"line":101,"column":1}},"line":89},"1":{"name":"(anonymous_1)","decl":{"start":{"line":110,"column":29},"end":{"line":110,"column":30}},"loc":{"start":{"line":110,"column":64},"end":{"line":137,"column":1}},"line":110}},"branchMap":{"0":{"loc":{"start":{"line":94,"column":6},"end":{"line":96,"column":7}},"type":"if","locations":[{"start":{"line":94,"column":6},"end":{"line":96,"column":7}},{"start":{},"end":{}}],"line":94},"1":{"loc":{"start":{"line":110,"column":37},"end":{"line":110,"column":59}},"type":"default-arg","locations":[{"start":{"line":110,"column":45},"end":{"line":110,"column":59}}],"line":110},"2":{"loc":{"start":{"line":115,"column":2},"end":{"line":123,"column":3}},"type":"if","locations":[{"start":{"line":115,"column":2},"end":{"line":123,"column":3}},{"start":{},"end":{}}],"line":115},"3":{"loc":{"start":{"line":116,"column":26},"end":{"line":116,"column":78}},"type":"binary-expr","locations":[{"start":{"line":116,"column":26},"end":{"line":116,"column":47}},{"start":{"line":116,"column":51},"end":{"line":116,"column":78}}],"line":116},"4":{"loc":{"start":{"line":129,"column":24},"end":{"line":129,"column":76}},"type":"binary-expr","locations":[{"start":{"line":129,"column":24},"end":{"line":129,"column":45}},{"start":{"line":129,"column":49},"end":{"line":129,"column":76}}],"line":129}},"s":{"0":5,"1":5,"2":5,"3":0,"4":0,"5":0,"6":0,"7":0,"8":0,"9":5,"10":0,"11":0,"12":0,"13":0,"14":0,"15":0,"16":0,"17":5},"f":{"0":0,"1":0},"b":{"0":[0,0],"1":[0],"2":[0,0],"3":[0,0],"4":[0,0]},"_coverageSchema":"1a1c01bbd47fc00a2c39e90264f33305004495a9","hash":"11bd640adc30abd3b1abeac6c5901d0af9f7d145"}
,"C:\\Users\\sreen\\Desktop\\freelance\\learning-platform\\server\\services\\prompts\\index.js": {"path":"C:\\Users\\sreen\\Desktop\\freelance\\learning-platform\\server\\services\\prompts\\index.js","statementMap":{"0":{"start":{"line":6,"column":20},"end":{"line":6,"column":44}},"1":{"start":{"line":7,"column":22},"end":{"line":7,"column":48}},"2":{"start":{"line":8,"column":28},"end":{"line":8,"column":60}},"3":{"start":{"line":18,"column":32},"end":{"line":37,"column":1}},"4":{"start":{"line":19,"column":37},"end":{"line":19,"column":48}},"5":{"start":{"line":22,"column":33},"end":{"line":22,"column":81}},"6":{"start":{"line":25,"column":25},"end":{"line":25,"column":47}},"7":{"start":{"line":26,"column":2},"end":{"line":28,"column":3}},"8":{"start":{"line":27,"column":4},"end":{"line":27,"column":88}},"9":{"start":{"line":31,"column":21},"end":{"line":31,"column":74}},"10":{"start":{"line":33,"column":2},"end":{"line":36,"column":4}},"11":{"start":{"line":46,"column":44},"end":{"line":59,"column":1}},"12":{"start":{"line":47,"column":37},"end":{"line":47,"column":48}},"13":{"start":{"line":50,"column":27},"end":{"line":50,"column":87}},"14":{"start":{"line":53,"column":21},"end":{"line":53,"column":84}},"15":{"start":{"line":55,"column":2},"end":{"line":58,"column":4}},"16":{"start":{"line":68,"column":31},"end":{"line":78,"column":1}},"17":{"start":{"line":69,"column":37},"end":{"line":69,"column":48}},"18":{"start":{"line":72,"column":24},"end":{"line":72,"column":100}},"19":{"start":{"line":74,"column":2},"end":{"line":77,"column":4}},"20":{"start":{"line":86,"column":27},"end":{"line":111,"column":1}},"21":{"start":{"line":87,"column":21},"end":{"line":87,"column":40}},"22":{"start":{"line":90,"column":2},"end":{"line":92,"column":3}},"23":{"start":{"line":91,"column":4},"end":{"line":91,"column":36}},"24":{"start":{"line":95,"column":2},"end":{"line":97,"column":3}},"25":{"start":{"line":96,"column":4},"end":{"line":96,"column":41}},"26":{"start":{"line":100,"column":2},"end":{"line":102,"column":3}},"27":{"start":{"line":101,"column":4},"end":{"line":101,"column":41}},"28":{"start":{"line":105,"column":2},"end":{"line":107,"column":3}},"29":{"start":{"line":106,"column":4},"end":{"line":106,"column":39}},"30":{"start":{"line":110,"column":2},"end":{"line":110,"column":40}},"31":{"start":{"line":113,"column":0},"end":{"line":121,"column":2}}},"fnMap":{"0":{"name":"(anonymous_0)","decl":{"start":{"line":18,"column":32},"end":{"line":18,"column":33}},"loc":{"start":{"line":18,"column":81},"end":{"line":37,"column":1}},"line":18},"1":{"name":"(anonymous_1)","decl":{"start":{"line":46,"column":44},"end":{"line":46,"column":45}},"loc":{"start":{"line":46,"column":73},"end":{"line":59,"column":1}},"line":46},"2":{"name":"(anonymous_2)","decl":{"start":{"line":68,"column":31},"end":{"line":68,"column":32}},"loc":{"start":{"line":68,"column":68},"end":{"line":78,"column":1}},"line":68},"3":{"name":"(anonymous_3)","decl":{"start":{"line":86,"column":27},"end":{"line":86,"column":28}},"loc":{"start":{"line":86,"column":38},"end":{"line":111,"column":1}},"line":86}},"branchMap":{"0":{"loc":{"start":{"line":18,"column":40},"end":{"line":18,"column":56}},"type":"default-arg","locations":[{"start":{"line":18,"column":54},"end":{"line":18,"column":56}}],"line":18},"1":{"loc":{"start":{"line":18,"column":58},"end":{"line":18,"column":76}},"type":"default-arg","locations":[{"start":{"line":18,"column":72},"end":{"line":18,"column":76}}],"line":18},"2":{"loc":{"start":{"line":19,"column":10},"end":{"line":19,"column":32}},"type":"default-arg","locations":[{"start":{"line":19,"column":18},"end":{"line":19,"column":32}}],"line":19},"3":{"loc":{"start":{"line":26,"column":2},"end":{"line":28,"column":3}},"type":"if","locations":[{"start":{"line":26,"column":2},"end":{"line":28,"column":3}},{"start":{},"end":{}}],"line":26},"4":{"loc":{"start":{"line":26,"column":6},"end":{"line":26,"column":66}},"type":"binary-expr","locations":[{"start":{"line":26,"column":6},"end":{"line":26,"column":17}},{"start":{"line":26,"column":21},"end":{"line":26,"column":66}}],"line":26},"5":{"loc":{"start":{"line":46,"column":52},"end":{"line":46,"column":68}},"type":"default-arg","locations":[{"start":{"line":46,"column":66},"end":{"line":46,"column":68}}],"line":46},"6":{"loc":{"start":{"line":47,"column":10},"end":{"line":47,"column":32}},"type":"default-arg","locations":[{"start":{"line":47,"column":18},"end":{"line":47,"column":32}}],"line":47},"7":{"loc":{"start":{"line":68,"column":47},"end":{"line":68,"column":63}},"type":"default-arg","locations":[{"start":{"line":68,"column":61},"end":{"line":68,"column":63}}],"line":68},"8":{"loc":{"start":{"line":69,"column":10},"end":{"line":69,"column":32}},"type":"default-arg","locations":[{"start":{"line":69,"column":18},"end":{"line":69,"column":32}}],"line":69},"9":{"loc":{"start":{"line":72,"column":24},"end":{"line":72,"column":100}},"type":"binary-expr","locations":[{"start":{"line":72,"column":24},"end":{"line":72,"column":57}},{"start":{"line":72,"column":61},"end":{"line":72,"column":100}}],"line":72},"10":{"loc":{"start":{"line":90,"column":2},"end":{"line":92,"column":3}},"type":"if","locations":[{"start":{"line":90,"column":2},"end":{"line":92,"column":3}},{"start":{},"end":{}}],"line":90},"11":{"loc":{"start":{"line":90,"column":6},"end":{"line":90,"column":108}},"type":"binary-expr","locations":[{"start":{"line":90,"column":6},"end":{"line":90,"column":37}},{"start":{"line":90,"column":41},"end":{"line":90,"column":72}},{"start":{"line":90,"column":76},"end":{"line":90,"column":108}}],"line":90},"12":{"loc":{"start":{"line":95,"column":2},"end":{"line":97,"column":3}},"type":"if","locations":[{"start":{"line":95,"column":2},"end":{"line":97,"column":3}},{"start":{},"end":{}}],"line":95},"13":{"loc":{"start":{"line":95,"column":6},"end":{"line":95,"column":112}},"type":"binary-expr","locations":[{"start":{"line":95,"column":6},"end":{"line":95,"column":33}},{"start":{"line":95,"column":37},"end":{"line":95,"column":67}},{"start":{"line":95,"column":71},"end":{"line":95,"column":112}}],"line":95},"14":{"loc":{"start":{"line":100,"column":2},"end":{"line":102,"column":3}},"type":"if","locations":[{"start":{"line":100,"column":2},"end":{"line":102,"column":3}},{"start":{},"end":{}}],"line":100},"15":{"loc":{"start":{"line":100,"column":6},"end":{"line":100,"column":110}},"type":"binary-expr","locations":[{"start":{"line":100,"column":6},"end":{"line":100,"column":38}},{"start":{"line":100,"column":42},"end":{"line":100,"column":73}},{"start":{"line":100,"column":77},"end":{"line":100,"column":110}}],"line":100},"16":{"loc":{"start":{"line":105,"column":2},"end":{"line":107,"column":3}},"type":"if","locations":[{"start":{"line":105,"column":2},"end":{"line":107,"column":3}},{"start":{},"end":{}}],"line":105},"17":{"loc":{"start":{"line":105,"column":6},"end":{"line":105,"column":105}},"type":"binary-expr","locations":[{"start":{"line":105,"column":6},"end":{"line":105,"column":36}},{"start":{"line":105,"column":40},"end":{"line":105,"column":70}},{"start":{"line":105,"column":74},"end":{"line":105,"column":105}}],"line":105}},"s":{"0":5,"1":5,"2":5,"3":5,"4":0,"5":0,"6":0,"7":0,"8":0,"9":0,"10":0,"11":5,"12":0,"13":0,"14":0,"15":0,"16":5,"17":0,"18":0,"19":0,"20":5,"21":0,"22":0,"23":0,"24":0,"25":0,"26":0,"27":0,"28":0,"29":0,"30":0,"31":5},"f":{"0":0,"1":0,"2":0,"3":0},"b":{"0":[0],"1":[0],"2":[0],"3":[0,0],"4":[0,0],"5":[0],"6":[0],"7":[0],"8":[0],"9":[0,0],"10":[0,0],"11":[0,0,0],"12":[0,0],"13":[0,0,0],"14":[0,0],"15":[0,0,0],"16":[0,0],"17":[0,0,0]},"_coverageSchema":"1a1c01bbd47fc00a2c39e90264f33305004495a9","hash":"681dc3187c2e9ab5d4da97e3c2a5cf9bbfc8e387"}
,"C:\\Users\\sreen\\Desktop\\freelance\\learning-platform\\server\\services\\prompts\\learningPathPrompts.js": {"path":"C:\\Users\\sreen\\Desktop\\freelance\\learning-platform\\server\\services\\prompts\\learningPathPrompts.js","statementMap":{"0":{"start":{"line":7,"column":30},"end":{"line":121,"column":1}},"1":{"start":{"line":130,"column":35},"end":{"line":139,"column":1}},"2":{"start":{"line":131,"column":19},"end":{"line":131,"column":85}},"3":{"start":{"line":133,"column":2},"end":{"line":138,"column":4}},"4":{"start":{"line":147,"column":34},"end":{"line":150,"column":1}},"5":{"start":{"line":148,"column":38},"end":{"line":148,"column":54}},"6":{"start":{"line":149,"column":2},"end":{"line":149,"column":40}},"7":{"start":{"line":152,"column":0},"end":{"line":156,"column":2}}},"fnMap":{"0":{"name":"(anonymous_0)","decl":{"start":{"line":130,"column":35},"end":{"line":130,"column":36}},"loc":{"start":{"line":130,"column":70},"end":{"line":139,"column":1}},"line":130},"1":{"name":"(anonymous_1)","decl":{"start":{"line":147,"column":34},"end":{"line":147,"column":35}},"loc":{"start":{"line":147,"column":56},"end":{"line":150,"column":1}},"line":147}},"branchMap":{"0":{"loc":{"start":{"line":130,"column":43},"end":{"line":130,"column":65}},"type":"default-arg","locations":[{"start":{"line":130,"column":51},"end":{"line":130,"column":65}}],"line":130},"1":{"loc":{"start":{"line":131,"column":19},"end":{"line":131,"column":85}},"type":"binary-expr","locations":[{"start":{"line":131,"column":19},"end":{"line":131,"column":47}},{"start":{"line":131,"column":51},"end":{"line":131,"column":85}}],"line":131}},"s":{"0":5,"1":5,"2":0,"3":0,"4":5,"5":0,"6":0,"7":5},"f":{"0":0,"1":0},"b":{"0":[0],"1":[0,0]},"_coverageSchema":"1a1c01bbd47fc00a2c39e90264f33305004495a9","hash":"faf186317ea10168ed562b573f7bae7f5895fcc9"}
,"C:\\Users\\sreen\\Desktop\\freelance\\learning-platform\\server\\utils\\errorResponse.js": {"path":"C:\\Users\\sreen\\Desktop\\freelance\\learning-platform\\server\\utils\\errorResponse.js","statementMap":{"0":{"start":{"line":13,"column":4},"end":{"line":13,"column":19}},"1":{"start":{"line":14,"column":4},"end":{"line":14,"column":33}},"2":{"start":{"line":18,"column":0},"end":{"line":18,"column":31}}},"fnMap":{"0":{"name":"(anonymous_0)","decl":{"start":{"line":12,"column":2},"end":{"line":12,"column":3}},"loc":{"start":{"line":12,"column":35},"end":{"line":15,"column":3}},"line":12}},"branchMap":{},"s":{"0":1,"1":1,"2":5},"f":{"0":1},"b":{},"_coverageSchema":"1a1c01bbd47fc00a2c39e90264f33305004495a9","hash":"21db1cca69ab7f19ff91027d7dacc5b83875e637"}
,"C:\\Users\\sreen\\Desktop\\freelance\\learning-platform\\server\\utils\\logger.js": {"path":"C:\\Users\\sreen\\Desktop\\freelance\\learning-platform\\server\\utils\\logger.js","statementMap":{"0":{"start":{"line":1,"column":16},"end":{"line":1,"column":34}},"1":{"start":{"line":2,"column":13},"end":{"line":2,"column":28}},"2":{"start":{"line":5,"column":18},"end":{"line":12,"column":1}},"3":{"start":{"line":10,"column":12},"end":{"line":10,"column":78}},"4":{"start":{"line":15,"column":15},"end":{"line":15,"column":46}},"5":{"start":{"line":18,"column":15},"end":{"line":59,"column":2}},"6":{"start":{"line":62,"column":0},"end":{"line":66,"column":2}},"7":{"start":{"line":64,"column":4},"end":{"line":64,"column":32}},"8":{"start":{"line":68,"column":0},"end":{"line":68,"column":24}}},"fnMap":{"0":{"name":"(anonymous_0)","decl":{"start":{"line":10,"column":4},"end":{"line":10,"column":5}},"loc":{"start":{"line":10,"column":12},"end":{"line":10,"column":78}},"line":10},"1":{"name":"(anonymous_1)","decl":{"start":{"line":63,"column":9},"end":{"line":63,"column":10}},"loc":{"start":{"line":63,"column":27},"end":{"line":65,"column":3}},"line":63}},"branchMap":{"0":{"loc":{"start":{"line":19,"column":9},"end":{"line":19,"column":40}},"type":"binary-expr","locations":[{"start":{"line":19,"column":9},"end":{"line":19,"column":30}},{"start":{"line":19,"column":34},"end":{"line":19,"column":40}}],"line":19}},"s":{"0":5,"1":5,"2":5,"3":612,"4":5,"5":5,"6":5,"7":0,"8":5},"f":{"0":612,"1":0},"b":{"0":[5,5]},"_coverageSchema":"1a1c01bbd47fc00a2c39e90264f33305004495a9","hash":"1667f4d388140be02afa934f34c19c97a501c3ef"}
}
