TN:
SF:app.js
FN:20,(anonymous_0)
FN:22,(anonymous_1)
FN:25,(anonymous_2)
FN:34,(anonymous_3)
FN:51,(anonymous_4)
FN:55,(anonymous_5)
FN:79,(anonymous_6)
FN:93,(anonymous_7)
FNF:8
FNH:3
FNDA:156,(anonymous_0)
FNDA:150,(anonymous_1)
FNDA:156,(anonymous_2)
FNDA:0,(anonymous_3)
FNDA:0,(anonymous_4)
FNDA:0,(anonymous_5)
FNDA:0,(anonymous_6)
FNDA:0,(anonymous_7)
DA:1,5
DA:2,5
DA:3,5
DA:4,5
DA:5,5
DA:6,5
DA:7,5
DA:8,5
DA:9,5
DA:10,5
DA:13,5
DA:16,5
DA:17,5
DA:20,5
DA:21,156
DA:22,156
DA:23,150
DA:25,156
DA:26,156
DA:27,156
DA:32,5
DA:35,0
DA:39,5
DA:42,5
DA:47,5
DA:50,5
DA:51,0
DA:55,5
DA:56,0
DA:60,5
DA:65,5
DA:71,5
DA:72,5
DA:73,5
DA:74,5
DA:75,5
DA:76,5
DA:79,5
DA:80,0
DA:81,0
DA:85,5
DA:88,5
DA:90,0
DA:93,0
DA:94,0
DA:98,5
LF:46
LH:38
BRDA:43,0,0,5
BRDA:43,0,1,5
BRDA:50,1,0,0
BRDA:50,1,1,5
BRDA:88,2,0,0
BRDA:88,2,1,5
BRF:6
BRH:4
end_of_record
TN:
SF:controllers\analytics.controller.js
FN:18,(anonymous_0)
FN:50,(anonymous_1)
FN:66,(anonymous_2)
FN:89,(anonymous_3)
FN:102,(anonymous_4)
FN:118,(anonymous_5)
FN:137,(anonymous_6)
FN:142,(anonymous_7)
FN:146,(anonymous_8)
FN:148,(anonymous_9)
FN:149,(anonymous_10)
FN:156,(anonymous_11)
FN:159,(anonymous_12)
FN:185,(anonymous_13)
FN:210,(anonymous_14)
FN:257,getDeviceType
FN:282,updateLearningProgress
FN:307,(anonymous_17)
FN:325,(anonymous_18)
FN:339,updateUserInsights
FN:405,analyzeLearningStyle
FN:407,(anonymous_21)
FN:414,(anonymous_22)
FN:450,analyzePreferredTopics
FN:454,(anonymous_24)
FN:462,(anonymous_25)
FN:471,(anonymous_26)
FN:474,(anonymous_27)
FN:482,analyzePreferredContentTypes
FN:486,(anonymous_29)
FN:497,(anonymous_30)
FN:500,(anonymous_31)
FN:508,analyzeLearningPatterns
FN:522,(anonymous_33)
FN:546,(anonymous_34)
FN:550,(anonymous_35)
FN:561,(anonymous_36)
FN:579,(anonymous_37)
FN:587,(anonymous_38)
FN:600,analyzeStrengthsAndWeaknesses
FN:604,(anonymous_40)
FN:622,(anonymous_41)
FN:623,(anonymous_42)
FN:635,generateRecommendations
FN:643,(anonymous_44)
FN:654,(anonymous_45)
FN:657,(anonymous_46)
FN:673,(anonymous_47)
FN:685,(anonymous_48)
FN:702,(anonymous_49)
FN:724,(anonymous_50)
FNF:51
FNH:0
FNDA:0,(anonymous_0)
FNDA:0,(anonymous_1)
FNDA:0,(anonymous_2)
FNDA:0,(anonymous_3)
FNDA:0,(anonymous_4)
FNDA:0,(anonymous_5)
FNDA:0,(anonymous_6)
FNDA:0,(anonymous_7)
FNDA:0,(anonymous_8)
FNDA:0,(anonymous_9)
FNDA:0,(anonymous_10)
FNDA:0,(anonymous_11)
FNDA:0,(anonymous_12)
FNDA:0,(anonymous_13)
FNDA:0,(anonymous_14)
FNDA:0,getDeviceType
FNDA:0,updateLearningProgress
FNDA:0,(anonymous_17)
FNDA:0,(anonymous_18)
FNDA:0,updateUserInsights
FNDA:0,analyzeLearningStyle
FNDA:0,(anonymous_21)
FNDA:0,(anonymous_22)
FNDA:0,analyzePreferredTopics
FNDA:0,(anonymous_24)
FNDA:0,(anonymous_25)
FNDA:0,(anonymous_26)
FNDA:0,(anonymous_27)
FNDA:0,analyzePreferredContentTypes
FNDA:0,(anonymous_29)
FNDA:0,(anonymous_30)
FNDA:0,(anonymous_31)
FNDA:0,analyzeLearningPatterns
FNDA:0,(anonymous_33)
FNDA:0,(anonymous_34)
FNDA:0,(anonymous_35)
FNDA:0,(anonymous_36)
FNDA:0,(anonymous_37)
FNDA:0,(anonymous_38)
FNDA:0,analyzeStrengthsAndWeaknesses
FNDA:0,(anonymous_40)
FNDA:0,(anonymous_41)
FNDA:0,(anonymous_42)
FNDA:0,generateRecommendations
FNDA:0,(anonymous_44)
FNDA:0,(anonymous_45)
FNDA:0,(anonymous_46)
FNDA:0,(anonymous_47)
FNDA:0,(anonymous_48)
FNDA:0,(anonymous_49)
FNDA:0,(anonymous_50)
DA:6,5
DA:7,5
DA:8,5
DA:9,5
DA:10,5
DA:11,5
DA:18,5
DA:19,0
DA:20,0
DA:22,0
DA:23,0
DA:27,0
DA:34,0
DA:42,0
DA:43,0
DA:47,0
DA:48,0
DA:50,0
DA:51,0
DA:55,0
DA:66,5
DA:67,0
DA:68,0
DA:70,0
DA:71,0
DA:72,0
DA:75,0
DA:77,0
DA:89,5
DA:90,0
DA:93,0
DA:95,0
DA:97,0
DA:102,0
DA:103,0
DA:107,0
DA:118,5
DA:119,0
DA:120,0
DA:123,0
DA:125,0
DA:127,0
DA:128,0
DA:135,0
DA:136,0
DA:137,0
DA:141,0
DA:142,0
DA:146,0
DA:147,0
DA:148,0
DA:149,0
DA:151,0
DA:152,0
DA:156,0
DA:157,0
DA:158,0
DA:159,0
DA:161,0
DA:162,0
DA:168,0
DA:173,0
DA:185,5
DA:186,0
DA:188,0
DA:189,0
DA:190,0
DA:196,0
DA:198,0
DA:210,5
DA:211,0
DA:212,0
DA:215,0
DA:217,0
DA:218,0
DA:221,0
DA:222,0
DA:229,0
DA:232,0
DA:237,0
DA:239,0
DA:258,0
DA:260,0
DA:262,0
DA:263,0
DA:266,0
DA:267,0
DA:270,0
DA:271,0
DA:274,0
DA:283,0
DA:284,0
DA:286,0
DA:289,0
DA:291,0
DA:292,0
DA:302,0
DA:303,0
DA:306,0
DA:307,0
DA:309,0
DA:311,0
DA:312,0
DA:315,0
DA:324,0
DA:325,0
DA:326,0
DA:329,0
DA:331,0
DA:340,0
DA:342,0
DA:346,0
DA:349,0
DA:352,0
DA:354,0
DA:355,0
DA:366,0
DA:369,0
DA:372,0
DA:375,0
DA:378,0
DA:379,0
DA:380,0
DA:383,0
DA:391,0
DA:393,0
DA:395,0
DA:396,0
DA:407,0
DA:410,0
DA:411,0
DA:412,0
DA:414,0
DA:415,0
DA:417,0
DA:418,0
DA:419,0
DA:420,0
DA:421,0
DA:422,0
DA:427,0
DA:429,0
DA:431,0
DA:432,0
DA:433,0
DA:436,0
DA:437,0
DA:438,0
DA:441,0
DA:452,0
DA:454,0
DA:455,0
DA:456,0
DA:457,0
DA:462,0
DA:463,0
DA:468,0
DA:469,0
DA:471,0
DA:474,0
DA:484,0
DA:486,0
DA:487,0
DA:488,0
DA:489,0
DA:494,0
DA:495,0
DA:497,0
DA:500,0
DA:510,0
DA:517,0
DA:520,0
DA:522,0
DA:523,0
DA:524,0
DA:527,0
DA:528,0
DA:531,0
DA:532,0
DA:534,0
DA:535,0
DA:536,0
DA:537,0
DA:538,0
DA:539,0
DA:541,0
DA:546,0
DA:548,0
DA:549,0
DA:550,0
DA:553,0
DA:557,0
DA:558,0
DA:560,0
DA:561,0
DA:564,0
DA:567,0
DA:568,0
DA:571,0
DA:572,0
DA:573,0
DA:574,0
DA:575,0
DA:579,0
DA:580,0
DA:581,0
DA:582,0
DA:587,0
DA:590,0
DA:592,0
DA:601,0
DA:602,0
DA:604,0
DA:605,0
DA:606,0
DA:608,0
DA:609,0
DA:613,0
DA:614,0
DA:621,0
DA:622,0
DA:623,0
DA:636,0
DA:638,0
DA:640,0
DA:641,0
DA:643,0
DA:646,0
DA:654,0
DA:656,0
DA:657,0
DA:661,0
DA:662,0
DA:673,0
DA:674,0
DA:683,0
DA:685,0
DA:686,0
DA:687,0
DA:693,0
DA:702,0
DA:703,0
DA:704,0
DA:716,0
DA:724,0
DA:726,0
DA:727,0
LF:247
LH:12
BRDA:20,0,0,0
BRDA:22,1,0,0
BRDA:22,1,1,0
BRDA:28,2,0,0
BRDA:28,2,1,0
BRDA:29,3,0,0
BRDA:29,3,1,0
BRDA:42,4,0,0
BRDA:42,4,1,0
BRDA:42,5,0,0
BRDA:42,5,1,0
BRDA:48,6,0,0
BRDA:48,6,1,0
BRDA:71,7,0,0
BRDA:71,7,1,0
BRDA:95,8,0,0
BRDA:95,8,1,0
BRDA:120,9,0,0
BRDA:125,10,0,0
BRDA:125,10,1,0
BRDA:136,11,0,0
BRDA:136,11,1,0
BRDA:146,12,0,0
BRDA:146,12,1,0
BRDA:151,13,0,0
BRDA:151,13,1,0
BRDA:157,14,0,0
BRDA:157,14,1,0
BRDA:161,15,0,0
BRDA:161,15,1,0
BRDA:189,16,0,0
BRDA:189,16,1,0
BRDA:189,17,0,0
BRDA:189,17,1,0
BRDA:212,18,0,0
BRDA:212,19,0,0
BRDA:217,20,0,0
BRDA:217,20,1,0
BRDA:221,21,0,0
BRDA:221,21,1,0
BRDA:221,22,0,0
BRDA:221,22,1,0
BRDA:258,23,0,0
BRDA:258,23,1,0
BRDA:262,24,0,0
BRDA:262,24,1,0
BRDA:266,25,0,0
BRDA:266,25,1,0
BRDA:270,26,0,0
BRDA:270,26,1,0
BRDA:286,27,0,0
BRDA:286,27,1,0
BRDA:286,28,0,0
BRDA:286,28,1,0
BRDA:291,29,0,0
BRDA:291,29,1,0
BRDA:306,30,0,0
BRDA:306,30,1,0
BRDA:309,31,0,0
BRDA:309,31,1,0
BRDA:324,32,0,0
BRDA:324,32,1,0
BRDA:346,33,0,0
BRDA:346,33,1,0
BRDA:354,34,0,0
BRDA:354,34,1,0
BRDA:417,35,0,0
BRDA:417,35,1,0
BRDA:417,36,0,0
BRDA:417,36,1,0
BRDA:419,37,0,0
BRDA:419,37,1,0
BRDA:419,38,0,0
BRDA:419,38,1,0
BRDA:421,39,0,0
BRDA:421,39,1,0
BRDA:421,40,0,0
BRDA:421,40,1,0
BRDA:429,41,0,0
BRDA:429,41,1,0
BRDA:436,42,0,0
BRDA:436,42,1,0
BRDA:437,43,0,0
BRDA:437,43,1,0
BRDA:438,44,0,0
BRDA:438,44,1,0
BRDA:455,45,0,0
BRDA:455,45,1,0
BRDA:457,46,0,0
BRDA:457,46,1,0
BRDA:463,47,0,0
BRDA:463,47,1,0
BRDA:487,48,0,0
BRDA:487,48,1,0
BRDA:487,49,0,0
BRDA:487,49,1,0
BRDA:489,50,0,0
BRDA:489,50,1,0
BRDA:517,51,0,0
BRDA:517,51,1,0
BRDA:531,52,0,0
BRDA:531,52,1,0
BRDA:534,53,0,0
BRDA:534,53,1,0
BRDA:534,54,0,0
BRDA:534,54,1,0
BRDA:536,55,0,0
BRDA:536,55,1,0
BRDA:536,56,0,0
BRDA:536,56,1,0
BRDA:538,57,0,0
BRDA:538,57,1,0
BRDA:538,58,0,0
BRDA:538,58,1,0
BRDA:548,59,0,0
BRDA:548,59,1,0
BRDA:550,60,0,0
BRDA:550,60,1,0
BRDA:581,61,0,0
BRDA:581,61,1,0
BRDA:608,62,0,0
BRDA:608,62,1,0
BRDA:613,63,0,0
BRDA:613,63,1,0
BRDA:613,64,0,0
BRDA:613,64,1,0
BRDA:640,65,0,0
BRDA:640,65,1,0
BRDA:657,66,0,0
BRDA:657,66,1,0
BRDA:661,67,0,0
BRDA:661,67,1,0
BRDA:686,68,0,0
BRDA:686,68,1,0
BRDA:686,69,0,0
BRDA:686,69,1,0
BRDA:688,70,0,0
BRDA:688,70,1,0
BRDA:703,71,0,0
BRDA:703,71,1,0
BRDA:703,72,0,0
BRDA:703,72,1,0
BRF:142
BRH:0
end_of_record
TN:
SF:controllers\auth.controller.js
FN:35,(anonymous_0)
FN:81,(anonymous_1)
FN:169,(anonymous_2)
FN:207,(anonymous_3)
FN:248,(anonymous_4)
FN:290,(anonymous_5)
FNF:6
FNH:0
FNDA:0,(anonymous_0)
FNDA:0,(anonymous_1)
FNDA:0,(anonymous_2)
FNDA:0,(anonymous_3)
FNDA:0,(anonymous_4)
FNDA:0,(anonymous_5)
DA:5,5
DA:6,5
DA:7,5
DA:8,5
DA:9,5
DA:10,5
DA:13,5
DA:18,5
DA:19,0
DA:20,0
DA:21,0
DA:22,0
DA:23,0
DA:24,0
DA:26,0
DA:35,5
DA:37,0
DA:38,0
DA:39,0
DA:42,0
DA:44,0
DA:46,0
DA:47,0
DA:48,0
DA:52,0
DA:60,0
DA:63,0
DA:66,0
DA:71,0
DA:72,0
DA:81,5
DA:83,0
DA:84,0
DA:85,0
DA:88,0
DA:91,0
DA:93,0
DA:96,0
DA:98,0
DA:100,0
DA:102,0
DA:103,0
DA:107,0
DA:110,0
DA:112,0
DA:113,0
DA:117,0
DA:120,0
DA:122,0
DA:125,0
DA:127,0
DA:128,0
DA:132,0
DA:134,0
DA:135,0
DA:139,0
DA:140,0
DA:143,0
DA:147,0
DA:159,0
DA:160,0
DA:169,5
DA:170,0
DA:173,0
DA:175,0
DA:177,0
DA:178,0
DA:182,0
DA:183,0
DA:185,0
DA:188,0
DA:190,0
DA:191,0
DA:195,0
DA:197,0
DA:198,0
DA:207,5
DA:209,0
DA:210,0
DA:211,0
DA:214,0
DA:215,0
DA:216,0
DA:219,0
DA:220,0
DA:223,0
DA:229,0
DA:230,0
DA:233,0
DA:238,0
DA:239,0
DA:248,5
DA:250,0
DA:251,0
DA:252,0
DA:255,0
DA:256,0
DA:259,0
DA:261,0
DA:262,0
DA:266,0
DA:267,0
DA:268,0
DA:272,0
DA:273,0
DA:275,0
DA:280,0
DA:281,0
DA:290,5
DA:292,0
DA:293,0
DA:294,0
DA:297,0
DA:298,0
DA:300,0
DA:301,0
DA:302,0
DA:306,0
DA:307,0
DA:310,0
DA:314,0
DA:321,0
DA:322,0
LF:123
LH:14
BRDA:13,0,0,5
BRDA:13,0,1,0
BRDA:13,0,2,0
BRDA:18,1,0,0
BRDA:18,1,1,5
BRDA:38,2,0,0
BRDA:38,2,1,0
BRDA:47,3,0,0
BRDA:47,3,1,0
BRDA:56,4,0,0
BRDA:56,4,1,0
BRDA:84,5,0,0
BRDA:84,5,1,0
BRDA:98,6,0,0
BRDA:98,6,1,0
BRDA:98,7,0,0
BRDA:98,7,1,0
BRDA:102,8,0,0
BRDA:102,8,1,0
BRDA:112,9,0,0
BRDA:112,9,1,0
BRDA:127,10,0,0
BRDA:127,10,1,0
BRDA:134,11,0,0
BRDA:134,11,1,0
BRDA:173,12,0,0
BRDA:173,12,1,0
BRDA:173,13,0,0
BRDA:173,13,1,0
BRDA:177,14,0,0
BRDA:177,14,1,0
BRDA:190,15,0,0
BRDA:190,15,1,0
BRDA:210,16,0,0
BRDA:210,16,1,0
BRDA:219,17,0,0
BRDA:219,17,1,0
BRDA:220,18,0,0
BRDA:220,18,1,0
BRDA:229,19,0,0
BRDA:229,19,1,0
BRDA:251,20,0,0
BRDA:251,20,1,0
BRDA:261,21,0,0
BRDA:261,21,1,0
BRDA:267,22,0,0
BRDA:267,22,1,0
BRDA:293,23,0,0
BRDA:293,23,1,0
BRDA:301,24,0,0
BRDA:301,24,1,0
BRF:51
BRH:2
end_of_record
TN:
SF:controllers\content.controller.js
FN:18,(anonymous_0)
FN:26,(anonymous_1)
FN:37,(anonymous_2)
FN:41,(anonymous_3)
FN:45,(anonymous_4)
FN:95,(anonymous_5)
FN:104,(anonymous_6)
FN:133,(anonymous_7)
FN:212,(anonymous_8)
FN:234,(anonymous_9)
FN:242,(anonymous_10)
FN:290,(anonymous_11)
FN:299,(anonymous_12)
FNF:13
FNH:0
FNDA:0,(anonymous_0)
FNDA:0,(anonymous_1)
FNDA:0,(anonymous_2)
FNDA:0,(anonymous_3)
FNDA:0,(anonymous_4)
FNDA:0,(anonymous_5)
FNDA:0,(anonymous_6)
FNDA:0,(anonymous_7)
FNDA:0,(anonymous_8)
FNDA:0,(anonymous_9)
FNDA:0,(anonymous_10)
FNDA:0,(anonymous_11)
FNDA:0,(anonymous_12)
DA:4,5
DA:5,5
DA:6,5
DA:7,5
DA:10,5
DA:16,5
DA:18,0
DA:26,5
DA:27,0
DA:28,0
DA:29,0
DA:31,0
DA:32,0
DA:34,0
DA:37,0
DA:40,0
DA:41,0
DA:45,0
DA:48,0
DA:49,0
DA:50,0
DA:52,0
DA:55,0
DA:58,0
DA:59,0
DA:63,0
DA:66,0
DA:72,0
DA:75,0
DA:85,0
DA:86,0
DA:95,5
DA:96,0
DA:97,0
DA:98,0
DA:102,0
DA:104,0
DA:105,0
DA:108,0
DA:111,0
DA:117,0
DA:118,0
DA:121,0
DA:123,0
DA:124,0
DA:133,5
DA:135,0
DA:136,0
DA:137,0
DA:140,0
DA:142,0
DA:145,0
DA:146,0
DA:149,0
DA:150,0
DA:161,0
DA:173,0
DA:175,0
DA:176,0
DA:177,0
DA:179,0
DA:182,0
DA:183,0
DA:187,0
DA:190,0
DA:197,0
DA:198,0
DA:199,0
DA:212,5
DA:214,0
DA:215,0
DA:216,0
DA:219,0
DA:220,0
DA:221,0
DA:222,0
DA:225,0
DA:234,0
DA:235,0
DA:240,0
DA:242,0
DA:243,0
DA:246,0
DA:247,0
DA:251,0
DA:256,0
DA:258,0
DA:261,0
DA:267,0
DA:268,0
DA:273,0
DA:276,0
DA:278,0
DA:280,0
DA:281,0
DA:290,5
DA:291,0
DA:292,0
DA:293,0
DA:297,0
DA:299,0
DA:300,0
DA:303,0
DA:304,0
DA:308,0
DA:309,0
DA:311,0
DA:314,0
DA:316,0
DA:317,0
DA:322,0
DA:325,0
DA:327,0
DA:329,0
DA:330,0
LF:115
LH:11
BRDA:10,0,0,5
BRDA:10,0,1,0
BRDA:10,0,2,0
BRDA:29,1,0,0
BRDA:29,2,0,0
BRDA:29,3,0,0
BRDA:34,4,0,0
BRDA:34,4,1,0
BRDA:40,5,0,0
BRDA:40,5,1,0
BRDA:58,6,0,0
BRDA:58,6,1,0
BRDA:102,7,0,0
BRDA:102,7,1,0
BRDA:105,8,0,0
BRDA:105,8,1,0
BRDA:117,9,0,0
BRDA:117,9,1,0
BRDA:136,10,0,0
BRDA:136,10,1,0
BRDA:145,11,0,0
BRDA:145,12,0,0
BRDA:149,13,0,0
BRDA:149,13,1,0
BRDA:149,14,0,0
BRDA:149,14,1,0
BRDA:154,15,0,0
BRDA:154,15,1,0
BRDA:155,16,0,0
BRDA:155,16,1,0
BRDA:173,17,0,0
BRDA:173,17,1,0
BRDA:215,18,0,0
BRDA:215,18,1,0
BRDA:235,19,0,0
BRDA:235,19,1,0
BRDA:240,20,0,0
BRDA:240,20,1,0
BRDA:243,21,0,0
BRDA:243,21,1,0
BRDA:246,22,0,0
BRDA:246,22,1,0
BRDA:267,23,0,0
BRDA:267,23,1,0
BRDA:297,24,0,0
BRDA:297,24,1,0
BRDA:300,25,0,0
BRDA:300,25,1,0
BRDA:303,26,0,0
BRDA:303,26,1,0
BRDA:316,27,0,0
BRDA:316,27,1,0
BRF:52
BRH:1
end_of_record
TN:
SF:controllers\gamification.controller.js
FN:12,(anonymous_0)
FN:40,(anonymous_1)
FN:76,(anonymous_2)
FN:159,(anonymous_3)
FN:174,(anonymous_4)
FN:201,(anonymous_5)
FN:209,(anonymous_6)
FN:227,checkAndAwardBadges
FN:236,(anonymous_8)
FNF:9
FNH:0
FNDA:0,(anonymous_0)
FNDA:0,(anonymous_1)
FNDA:0,(anonymous_2)
FNDA:0,(anonymous_3)
FNDA:0,(anonymous_4)
FNDA:0,(anonymous_5)
FNDA:0,(anonymous_6)
FNDA:0,checkAndAwardBadges
FNDA:0,(anonymous_8)
DA:1,5
DA:2,5
DA:3,5
DA:4,5
DA:5,5
DA:12,5
DA:13,0
DA:16,0
DA:19,0
DA:21,0
DA:26,0
DA:29,0
DA:40,5
DA:41,0
DA:42,0
DA:44,0
DA:45,0
DA:49,0
DA:51,0
DA:53,0
DA:58,0
DA:62,0
DA:63,0
DA:65,0
DA:76,5
DA:77,0
DA:78,0
DA:80,0
DA:81,0
DA:85,0
DA:87,0
DA:89,0
DA:94,0
DA:98,0
DA:101,0
DA:102,0
DA:104,0
DA:106,0
DA:107,0
DA:108,0
DA:109,0
DA:110,0
DA:112,0
DA:113,0
DA:114,0
DA:115,0
DA:117,0
DA:118,0
DA:119,0
DA:120,0
DA:122,0
DA:123,0
DA:124,0
DA:125,0
DA:127,0
DA:128,0
DA:132,0
DA:135,0
DA:136,0
DA:140,0
DA:142,0
DA:159,5
DA:160,0
DA:162,0
DA:174,5
DA:175,0
DA:178,0
DA:181,0
DA:182,0
DA:189,0
DA:201,5
DA:202,0
DA:207,0
DA:209,0
DA:228,0
DA:230,0
DA:233,0
DA:235,0
DA:236,0
DA:239,0
DA:242,0
DA:244,0
DA:246,0
DA:247,0
DA:249,0
DA:250,0
DA:252,0
DA:253,0
DA:255,0
DA:256,0
DA:258,0
DA:259,0
DA:261,0
DA:262,0
DA:266,0
DA:267,0
DA:274,0
DA:282,0
DA:287,0
DA:291,0
DA:293,0
LF:101
LH:11
BRDA:19,0,0,0
BRDA:19,0,1,0
BRDA:44,1,0,0
BRDA:44,1,1,0
BRDA:44,2,0,0
BRDA:44,2,1,0
BRDA:51,3,0,0
BRDA:51,3,1,0
BRDA:80,4,0,0
BRDA:80,4,1,0
BRDA:87,5,0,0
BRDA:87,5,1,0
BRDA:104,6,0,0
BRDA:104,6,1,0
BRDA:104,6,2,0
BRDA:104,6,3,0
BRDA:104,6,4,0
BRDA:135,7,0,0
BRDA:135,7,1,0
BRDA:135,8,0,0
BRDA:135,8,1,0
BRDA:181,9,0,0
BRDA:181,9,1,0
BRDA:239,10,0,0
BRDA:239,10,1,0
BRDA:244,11,0,0
BRDA:244,11,1,0
BRDA:244,11,2,0
BRDA:244,11,3,0
BRDA:244,11,4,0
BRDA:244,11,5,0
BRDA:266,12,0,0
BRDA:266,12,1,0
BRF:33
BRH:0
end_of_record
TN:
SF:controllers\history.controller.js
FN:17,(anonymous_0)
FN:25,(anonymous_1)
FN:36,(anonymous_2)
FN:41,(anonymous_3)
FN:43,(anonymous_4)
FN:48,(anonymous_5)
FN:98,(anonymous_6)
FN:107,(anonymous_7)
FNF:8
FNH:0
FNDA:0,(anonymous_0)
FNDA:0,(anonymous_1)
FNDA:0,(anonymous_2)
FNDA:0,(anonymous_3)
FNDA:0,(anonymous_4)
FNDA:0,(anonymous_5)
FNDA:0,(anonymous_6)
FNDA:0,(anonymous_7)
DA:4,5
DA:5,5
DA:6,5
DA:9,5
DA:15,5
DA:17,0
DA:25,5
DA:26,0
DA:27,0
DA:28,0
DA:30,0
DA:31,0
DA:33,0
DA:36,0
DA:39,0
DA:40,0
DA:41,0
DA:42,0
DA:43,0
DA:48,0
DA:51,0
DA:52,0
DA:53,0
DA:55,0
DA:58,0
DA:61,0
DA:62,0
DA:66,0
DA:69,0
DA:75,0
DA:78,0
DA:88,0
DA:89,0
DA:98,5
DA:99,0
DA:100,0
DA:101,0
DA:105,0
DA:107,0
DA:108,0
DA:111,0
DA:114,0
DA:120,0
DA:121,0
DA:124,0
DA:126,0
DA:127,0
LF:47
LH:7
BRDA:9,0,0,5
BRDA:9,0,1,0
BRDA:9,0,2,0
BRDA:28,1,0,0
BRDA:28,2,0,0
BRDA:28,3,0,0
BRDA:33,4,0,0
BRDA:33,4,1,0
BRDA:39,5,0,0
BRDA:39,5,1,0
BRDA:61,6,0,0
BRDA:61,6,1,0
BRDA:105,7,0,0
BRDA:105,7,1,0
BRDA:108,8,0,0
BRDA:108,8,1,0
BRDA:120,9,0,0
BRDA:120,9,1,0
BRF:18
BRH:1
end_of_record
TN:
SF:controllers\learning.controller.js
FN:19,(anonymous_0)
FN:27,(anonymous_1)
FN:94,(anonymous_2)
FN:121,(anonymous_3)
FN:167,(anonymous_4)
FN:242,(anonymous_5)
FN:301,(anonymous_6)
FN:312,(anonymous_7)
FN:314,(anonymous_8)
FN:318,(anonymous_9)
FN:322,(anonymous_10)
FN:372,(anonymous_11)
FN:381,(anonymous_12)
FNF:13
FNH:0
FNDA:0,(anonymous_0)
FNDA:0,(anonymous_1)
FNDA:0,(anonymous_2)
FNDA:0,(anonymous_3)
FNDA:0,(anonymous_4)
FNDA:0,(anonymous_5)
FNDA:0,(anonymous_6)
FNDA:0,(anonymous_7)
FNDA:0,(anonymous_8)
FNDA:0,(anonymous_9)
FNDA:0,(anonymous_10)
FNDA:0,(anonymous_11)
FNDA:0,(anonymous_12)
DA:5,5
DA:6,5
DA:7,5
DA:8,5
DA:9,5
DA:12,5
DA:16,5
DA:19,0
DA:27,5
DA:29,0
DA:30,0
DA:31,0
DA:34,0
DA:35,0
DA:36,0
DA:39,0
DA:46,0
DA:49,0
DA:52,0
DA:54,0
DA:65,0
DA:68,0
DA:79,0
DA:84,0
DA:85,0
DA:94,5
DA:96,0
DA:97,0
DA:98,0
DA:101,0
DA:102,0
DA:103,0
DA:106,0
DA:112,0
DA:119,0
DA:121,0
DA:123,0
DA:124,0
DA:125,0
DA:128,0
DA:135,0
DA:139,0
DA:155,0
DA:157,0
DA:158,0
DA:167,5
DA:169,0
DA:170,0
DA:171,0
DA:174,0
DA:175,0
DA:176,0
DA:179,0
DA:185,0
DA:190,0
DA:192,0
DA:194,0
DA:208,0
DA:211,0
DA:224,0
DA:227,0
DA:232,0
DA:233,0
DA:242,5
DA:244,0
DA:245,0
DA:246,0
DA:249,0
DA:250,0
DA:251,0
DA:256,0
DA:258,0
DA:260,0
DA:270,0
DA:273,0
DA:282,0
DA:285,0
DA:291,0
DA:292,0
DA:301,5
DA:302,0
DA:303,0
DA:304,0
DA:306,0
DA:307,0
DA:309,0
DA:312,0
DA:313,0
DA:314,0
DA:318,0
DA:321,0
DA:322,0
DA:330,0
DA:332,0
DA:335,0
DA:336,0
DA:339,0
DA:342,0
DA:349,0
DA:352,0
DA:362,0
DA:363,0
DA:372,5
DA:373,0
DA:374,0
DA:375,0
DA:379,0
DA:381,0
DA:382,0
DA:385,0
DA:388,0
DA:394,0
DA:395,0
DA:398,0
DA:400,0
DA:401,0
LF:116
LH:13
BRDA:12,0,0,5
BRDA:12,0,1,0
BRDA:12,0,2,0
BRDA:30,1,0,0
BRDA:30,1,1,0
BRDA:35,2,0,0
BRDA:40,3,0,0
BRDA:40,3,1,0
BRDA:41,4,0,0
BRDA:41,4,1,0
BRDA:42,5,0,0
BRDA:42,5,1,0
BRDA:52,6,0,0
BRDA:52,6,1,0
BRDA:97,7,0,0
BRDA:97,7,1,0
BRDA:107,8,0,0
BRDA:107,8,1,0
BRDA:108,9,0,0
BRDA:108,9,1,0
BRDA:119,10,0,0
BRDA:119,10,1,0
BRDA:123,11,0,0
BRDA:123,11,1,0
BRDA:124,12,0,0
BRDA:124,12,1,0
BRDA:170,13,0,0
BRDA:170,13,1,0
BRDA:180,14,0,0
BRDA:180,14,1,0
BRDA:181,15,0,0
BRDA:181,15,1,0
BRDA:190,16,0,0
BRDA:190,16,1,0
BRDA:245,17,0,0
BRDA:245,17,1,0
BRDA:256,18,0,0
BRDA:256,18,1,0
BRDA:263,19,0,0
BRDA:263,19,1,0
BRDA:266,20,0,0
BRDA:266,20,1,0
BRDA:275,21,0,0
BRDA:275,21,1,0
BRDA:278,22,0,0
BRDA:278,22,1,0
BRDA:304,23,0,0
BRDA:304,24,0,0
BRDA:309,25,0,0
BRDA:309,25,1,0
BRDA:313,26,0,0
BRDA:313,26,1,0
BRDA:336,27,0,0
BRDA:336,27,1,0
BRDA:379,28,0,0
BRDA:379,28,1,0
BRDA:382,29,0,0
BRDA:382,29,1,0
BRDA:394,30,0,0
BRDA:394,30,1,0
BRF:60
BRH:1
end_of_record
TN:
SF:middleware\async.js
FN:6,(anonymous_0)
FN:6,(anonymous_1)
FNF:2
FNH:2
FNDA:65,(anonymous_0)
FNDA:1,(anonymous_1)
DA:6,65
DA:7,1
DA:9,5
LF:3
LH:3
BRF:0
BRH:0
end_of_record
TN:
SF:middleware\auth.js
FN:9,(anonymous_0)
FN:48,(anonymous_1)
FN:49,(anonymous_2)
FNF:3
FNH:2
FNDA:1,(anonymous_0)
FNDA:5,(anonymous_1)
FNDA:0,(anonymous_2)
DA:1,5
DA:2,5
DA:3,5
DA:4,5
DA:9,5
DA:13,1
DA:14,1
DA:17,0
DA:18,0
DA:22,1
DA:23,0
DA:26,1
DA:28,1
DA:31,0
DA:34,0
DA:35,0
DA:38,0
DA:40,1
DA:48,5
DA:49,5
DA:50,0
DA:51,0
DA:53,0
LF:23
LH:13
BRDA:13,0,0,1
BRDA:13,0,1,0
BRDA:13,1,0,1
BRDA:13,1,1,1
BRDA:17,2,0,0
BRDA:17,2,1,0
BRDA:17,3,0,0
BRDA:17,3,1,0
BRDA:22,4,0,0
BRDA:22,4,1,1
BRDA:34,5,0,0
BRDA:34,5,1,0
BRDA:50,6,0,0
BRDA:50,6,1,0
BRDA:50,7,0,0
BRDA:50,7,1,0
BRDA:51,8,0,0
BRDA:51,8,1,0
BRF:18
BRH:4
end_of_record
TN:
SF:middleware\auth.middleware.js
FN:23,(anonymous_0)
FNF:1
FNH:1
FNDA:5,(anonymous_0)
DA:1,5
DA:2,5
DA:3,5
DA:4,5
DA:7,5
DA:12,5
DA:13,0
DA:14,0
DA:16,0
DA:23,5
DA:25,5
DA:28,5
DA:29,1
DA:32,4
DA:34,4
DA:38,0
DA:40,0
DA:42,0
DA:43,0
DA:47,0
DA:48,0
DA:49,0
DA:53,0
DA:55,0
DA:56,0
DA:60,0
DA:61,0
DA:62,0
DA:63,0
DA:68,0
DA:73,0
DA:75,4
DA:76,4
LF:33
LH:14
BRDA:7,0,0,5
BRDA:7,0,1,0
BRDA:7,0,2,0
BRDA:12,1,0,0
BRDA:12,1,1,5
BRDA:28,2,0,1
BRDA:28,2,1,4
BRDA:34,3,0,4
BRDA:34,3,1,4
BRDA:38,4,0,0
BRDA:38,4,1,0
BRDA:38,5,0,0
BRDA:38,5,1,0
BRDA:42,6,0,0
BRDA:42,6,1,0
BRDA:48,7,0,0
BRDA:48,7,1,0
BRDA:48,8,0,0
BRDA:48,8,1,0
BRDA:55,9,0,0
BRDA:55,9,1,0
BRDA:61,10,0,0
BRDA:61,10,1,0
BRDA:61,11,0,0
BRDA:61,11,1,0
BRF:25
BRH:6
end_of_record
TN:
SF:middleware\cache.middleware.js
FN:20,(anonymous_0)
FN:30,(anonymous_1)
FN:42,(anonymous_2)
FN:66,(anonymous_3)
FN:69,(anonymous_4)
FN:73,(anonymous_5)
FN:112,(anonymous_6)
FN:144,(anonymous_7)
FNF:8
FNH:4
FNDA:0,(anonymous_0)
FNDA:0,(anonymous_1)
FNDA:0,(anonymous_2)
FNDA:15,(anonymous_3)
FNDA:2,(anonymous_4)
FNDA:2,(anonymous_5)
FNDA:2,(anonymous_6)
FNDA:0,(anonymous_7)
DA:5,5
DA:8,5
DA:11,5
DA:20,5
DA:21,0
DA:22,0
DA:23,0
DA:30,5
DA:31,0
DA:32,0
DA:33,0
DA:34,0
DA:42,5
DA:43,0
DA:45,0
DA:46,0
DA:47,0
DA:48,0
DA:49,0
DA:53,0
DA:54,0
DA:66,5
DA:69,2
DA:71,15
DA:73,15
DA:75,2
DA:76,0
DA:80,2
DA:83,2
DA:84,0
DA:87,0
DA:89,0
DA:92,0
DA:95,0
DA:96,0
DA:97,0
DA:100,0
DA:101,0
DA:106,2
DA:109,2
DA:112,2
DA:114,2
DA:115,0
DA:122,0
DA:123,0
DA:126,0
DA:129,0
DA:133,2
DA:136,2
DA:144,5
DA:151,5
LF:51
LH:21
BRDA:31,0,0,0
BRDA:31,0,1,0
BRDA:46,1,0,0
BRDA:46,1,1,0
BRDA:53,2,0,0
BRDA:53,2,1,0
BRDA:66,3,0,0
BRDA:68,4,0,0
BRDA:69,5,0,15
BRDA:70,6,0,0
BRDA:75,7,0,0
BRDA:75,7,1,2
BRDA:83,8,0,0
BRDA:83,8,1,2
BRDA:87,9,0,0
BRDA:87,9,1,0
BRDA:114,10,0,0
BRDA:114,10,1,2
BRDA:114,11,0,2
BRDA:114,11,1,2
BRDA:146,12,0,0
BRDA:146,12,1,0
BRF:22
BRH:6
end_of_record
TN:
SF:middleware\error.middleware.js
FN:6,(anonymous_0)
FN:52,(anonymous_1)
FNF:2
FNH:1
FNDA:151,(anonymous_0)
FNDA:0,(anonymous_1)
DA:1,5
DA:6,5
DA:8,151
DA:9,151
DA:12,151
DA:13,151
DA:14,151
DA:17,151
DA:18,0
DA:19,0
DA:22,0
DA:23,0
DA:24,0
DA:26,0
DA:27,0
DA:28,0
DA:29,0
DA:30,0
DA:31,0
DA:32,0
DA:36,0
DA:39,0
DA:40,0
DA:43,0
DA:44,0
DA:49,151
DA:50,0
DA:51,0
DA:52,0
DA:56,151
DA:57,0
DA:58,0
DA:61,0
DA:62,0
DA:63,0
DA:68,151
DA:69,0
DA:70,0
DA:71,0
DA:75,151
DA:76,0
DA:77,0
DA:78,0
DA:82,151
DA:83,0
DA:84,0
DA:85,0
DA:89,151
DA:98,5
LF:49
LH:15
BRDA:12,0,0,0
BRDA:12,0,1,151
BRDA:13,1,0,151
BRDA:13,1,1,0
BRDA:17,2,0,0
BRDA:17,2,1,151
BRDA:17,3,0,151
BRDA:17,3,1,0
BRDA:17,3,2,0
BRDA:27,4,0,0
BRDA:27,4,1,0
BRDA:27,5,0,0
BRDA:27,5,1,0
BRDA:27,5,2,0
BRDA:29,6,0,0
BRDA:29,6,1,0
BRDA:29,7,0,0
BRDA:29,7,1,0
BRDA:31,8,0,0
BRDA:31,8,1,0
BRDA:43,9,0,0
BRDA:43,9,1,0
BRDA:49,10,0,0
BRDA:49,10,1,151
BRDA:56,11,0,0
BRDA:56,11,1,151
BRDA:62,12,0,0
BRDA:62,12,1,0
BRDA:68,13,0,0
BRDA:68,13,1,151
BRDA:75,14,0,0
BRDA:75,14,1,151
BRDA:82,15,0,0
BRDA:82,15,1,151
BRDA:93,16,0,0
BRDA:93,16,1,151
BRDA:94,17,0,0
BRDA:94,17,1,151
BRF:38
BRH:11
end_of_record
TN:
SF:models\analytics.model.js
FN:255,(anonymous_0)
FN:260,(anonymous_1)
FNF:2
FNH:2
FNDA:4,(anonymous_0)
FNDA:3,(anonymous_1)
DA:1,7
DA:6,7
DA:73,7
DA:131,7
DA:196,7
DA:239,7
DA:240,7
DA:241,7
DA:242,7
DA:244,7
DA:245,7
DA:246,7
DA:248,7
DA:249,7
DA:250,7
DA:252,7
DA:255,7
DA:256,4
DA:257,4
DA:260,7
DA:261,3
DA:262,3
DA:266,7
DA:267,7
DA:268,7
DA:269,7
DA:271,7
LF:27
LH:27
BRF:0
BRH:0
end_of_record
TN:
SF:models\content.model.js
FN:68,(anonymous_0)
FNF:1
FNH:1
FNDA:2,(anonymous_0)
DA:1,6
DA:3,6
DA:60,6
DA:68,6
DA:69,2
DA:70,2
DA:73,6
LF:7
LH:7
BRF:0
BRH:0
end_of_record
TN:
SF:models\gamification.model.js
FN:180,(anonymous_0)
FN:186,(anonymous_1)
FN:208,(anonymous_2)
FN:234,(anonymous_3)
FNF:4
FNH:4
FNDA:19,(anonymous_0)
FNDA:2,(anonymous_1)
FNDA:4,(anonymous_2)
FNDA:2,(anonymous_3)
DA:1,7
DA:6,7
DA:55,7
DA:174,7
DA:175,7
DA:176,7
DA:177,7
DA:180,7
DA:181,19
DA:182,19
DA:186,7
DA:187,2
DA:188,2
DA:195,2
DA:198,2
DA:199,0
DA:200,0
DA:201,0
DA:204,2
DA:208,7
DA:209,4
DA:210,4
DA:213,4
DA:215,4
DA:217,1
DA:218,3
DA:220,2
DA:221,2
DA:222,2
DA:226,1
DA:229,3
DA:230,3
DA:234,7
DA:235,2
DA:236,2
DA:238,2
DA:239,2
DA:242,2
DA:244,0
DA:251,0
DA:255,2
DA:256,2
DA:258,2
DA:262,7
DA:263,7
DA:265,7
LF:46
LH:41
BRDA:198,0,0,0
BRDA:198,0,1,2
BRDA:210,1,0,4
BRDA:210,1,1,0
BRDA:215,2,0,1
BRDA:215,2,1,3
BRDA:218,3,0,2
BRDA:218,3,1,1
BRDA:221,4,0,2
BRDA:221,4,1,0
BRDA:242,5,0,0
BRDA:242,5,1,2
BRF:12
BRH:8
end_of_record
TN:
SF:models\history.model.js
FN:48,(anonymous_0)
FN:93,(anonymous_1)
FNF:2
FNH:1
FNDA:0,(anonymous_0)
FNDA:1,(anonymous_1)
DA:1,6
DA:4,6
DA:23,6
DA:40,6
DA:49,0
DA:90,6
DA:93,6
DA:94,1
DA:95,1
DA:98,6
LF:10
LH:9
BRF:0
BRH:0
end_of_record
TN:
SF:models\user.model.js
FN:77,(anonymous_0)
FN:87,(anonymous_1)
FN:96,(anonymous_2)
FN:101,(anonymous_3)
FNF:4
FNH:4
FNDA:34,(anonymous_0)
FNDA:1,(anonymous_1)
FNDA:2,(anonymous_2)
FNDA:1,(anonymous_3)
DA:1,8
DA:2,8
DA:3,8
DA:4,8
DA:5,8
DA:7,8
DA:77,8
DA:78,34
DA:79,0
DA:82,34
DA:83,34
DA:87,8
DA:88,1
DA:96,8
DA:97,2
DA:101,8
DA:103,1
DA:106,1
DA:112,1
DA:114,1
DA:117,8
LF:21
LH:20
BRDA:78,0,0,0
BRDA:78,0,1,34
BRDA:90,1,0,1
BRDA:90,1,1,1
BRDA:91,2,0,1
BRDA:91,2,1,1
BRF:6
BRH:5
end_of_record
TN:
SF:routes\analytics.routes.js
FNF:0
FNH:0
DA:1,5
DA:9,5
DA:11,5
DA:14,5
DA:17,5
DA:18,5
DA:19,5
DA:20,5
DA:21,5
DA:22,5
DA:24,5
LF:11
LH:11
BRF:0
BRH:0
end_of_record
TN:
SF:routes\auth.routes.js
FNF:0
FNH:0
DA:1,5
DA:2,5
DA:3,5
DA:4,5
DA:5,5
DA:12,5
DA:27,5
DA:41,5
DA:48,5
DA:65,5
DA:82,5
DA:90,5
LF:12
LH:12
BRF:0
BRH:0
end_of_record
TN:
SF:routes\gamification.routes.js
FNF:0
FNH:0
DA:1,5
DA:9,5
DA:11,5
DA:14,5
DA:17,5
DA:18,5
DA:19,5
DA:20,5
DA:21,5
DA:22,5
DA:24,5
LF:11
LH:11
BRF:0
BRH:0
end_of_record
TN:
SF:routes\history.routes.js
FNF:0
FNH:0
DA:1,5
DA:2,5
DA:3,5
DA:4,5
DA:11,5
DA:18,5
DA:20,5
LF:7
LH:7
BRF:0
BRH:0
end_of_record
TN:
SF:routes\learning.routes.js
FNF:0
FNH:0
DA:1,5
DA:2,5
DA:3,5
DA:4,5
DA:5,5
DA:6,5
DA:13,5
DA:29,5
DA:47,5
DA:63,5
DA:80,5
DA:87,5
DA:94,5
DA:111,5
DA:128,5
DA:130,5
LF:16
LH:16
BRF:0
BRH:0
end_of_record
TN:
SF:routes\user.routes.js
FN:5,(anonymous_0)
FNF:1
FNH:0
FNDA:0,(anonymous_0)
DA:1,5
DA:2,5
DA:5,5
DA:6,0
DA:9,5
LF:5
LH:4
BRF:0
BRH:0
end_of_record
TN:
SF:services\perplexity.service.js
FN:47,(anonymous_0)
FN:52,(anonymous_1)
FN:61,(anonymous_2)
FN:88,(anonymous_3)
FN:105,(anonymous_4)
FN:116,(anonymous_5)
FN:196,(anonymous_6)
FN:207,(anonymous_7)
FN:280,(anonymous_8)
FN:288,(anonymous_9)
FN:308,(anonymous_10)
FNF:11
FNH:0
FNDA:0,(anonymous_0)
FNDA:0,(anonymous_1)
FNDA:0,(anonymous_2)
FNDA:0,(anonymous_3)
FNDA:0,(anonymous_4)
FNDA:0,(anonymous_5)
FNDA:0,(anonymous_6)
FNDA:0,(anonymous_7)
FNDA:0,(anonymous_8)
FNDA:0,(anonymous_9)
FNDA:0,(anonymous_10)
DA:6,5
DA:7,5
DA:8,5
DA:9,5
DA:10,5
DA:11,5
DA:14,5
DA:19,5
DA:20,0
DA:21,0
DA:22,0
DA:24,0
DA:29,5
DA:30,5
DA:33,5
DA:47,5
DA:48,0
DA:49,0
DA:52,0
DA:61,0
DA:63,0
DA:70,0
DA:71,0
DA:88,5
DA:90,0
DA:93,0
DA:105,5
DA:106,0
DA:108,0
DA:109,0
DA:110,0
DA:113,0
DA:116,0
DA:118,0
DA:122,0
DA:125,0
DA:128,0
DA:134,0
DA:137,0
DA:138,0
DA:145,0
DA:151,0
DA:171,0
DA:173,0
DA:176,0
DA:177,0
DA:178,0
DA:179,0
DA:180,0
DA:183,0
DA:196,5
DA:197,0
DA:199,0
DA:200,0
DA:201,0
DA:204,0
DA:207,0
DA:209,0
DA:213,0
DA:216,0
DA:219,0
DA:222,0
DA:223,0
DA:230,0
DA:237,0
DA:256,0
DA:258,0
DA:261,0
DA:262,0
DA:263,0
DA:264,0
DA:265,0
DA:268,0
DA:280,5
DA:281,0
DA:283,0
DA:284,0
DA:285,0
DA:288,0
DA:290,0
DA:302,0
DA:305,0
DA:308,0
DA:310,0
DA:313,0
DA:314,0
DA:321,0
DA:327,0
DA:345,0
DA:349,0
DA:351,0
DA:357,0
DA:360,0
DA:361,0
DA:362,0
DA:364,0
DA:375,0
DA:379,5
LF:98
LH:17
BRDA:14,0,0,5
BRDA:14,0,1,0
BRDA:14,0,2,0
BRDA:19,1,0,0
BRDA:19,1,1,5
BRDA:29,2,0,5
BRDA:29,2,1,5
BRDA:30,3,0,5
BRDA:30,3,1,5
BRDA:49,4,0,0
BRDA:49,5,0,0
BRDA:54,6,0,0
BRDA:54,6,1,0
BRDA:72,7,0,0
BRDA:72,7,1,0
BRDA:88,8,0,0
BRDA:105,9,0,0
BRDA:105,10,0,0
BRDA:108,11,0,0
BRDA:108,11,1,0
BRDA:108,12,0,0
BRDA:108,12,1,0
BRDA:137,13,0,0
BRDA:137,13,1,0
BRDA:160,14,0,0
BRDA:160,14,1,0
BRDA:176,15,0,0
BRDA:176,15,1,0
BRDA:176,16,0,0
BRDA:176,16,1,0
BRDA:196,17,0,0
BRDA:199,18,0,0
BRDA:199,18,1,0
BRDA:199,19,0,0
BRDA:199,19,1,0
BRDA:222,20,0,0
BRDA:222,20,1,0
BRDA:261,21,0,0
BRDA:261,21,1,0
BRDA:261,22,0,0
BRDA:261,22,1,0
BRDA:280,23,0,0
BRDA:283,24,0,0
BRDA:283,24,1,0
BRDA:283,25,0,0
BRDA:283,25,1,0
BRDA:285,26,0,0
BRDA:285,26,1,0
BRDA:296,27,0,0
BRDA:296,27,1,0
BRDA:313,28,0,0
BRDA:313,28,1,0
BRDA:354,29,0,0
BRDA:354,29,1,0
BRDA:360,30,0,0
BRDA:360,30,1,0
BRDA:360,31,0,0
BRDA:360,31,1,0
BRDA:362,32,0,0
BRDA:362,32,1,0
BRDA:370,33,0,0
BRDA:370,33,1,0
BRF:62
BRH:6
end_of_record
TN:
SF:services\prompts\basePrompts.js
FN:62,(anonymous_0)
FN:81,(anonymous_1)
FN:99,(anonymous_2)
FNF:3
FNH:0
FNDA:0,(anonymous_0)
FNDA:0,(anonymous_1)
FNDA:0,(anonymous_2)
DA:7,5
DA:28,5
DA:62,5
DA:63,0
DA:65,0
DA:81,5
DA:82,0
DA:83,0
DA:85,0
DA:99,5
DA:100,0
DA:101,0
DA:104,5
LF:13
LH:6
BRDA:62,0,0,0
BRDA:63,1,0,0
BRDA:63,1,1,0
BRDA:81,2,0,0
BRDA:81,3,0,0
BRDA:82,4,0,0
BRDA:82,4,1,0
BRDA:83,5,0,0
BRDA:83,5,1,0
BRF:9
BRH:0
end_of_record
TN:
SF:services\prompts\domainPrompts.js
FN:89,(anonymous_0)
FN:110,(anonymous_1)
FNF:2
FNH:0
FNDA:0,(anonymous_0)
FNDA:0,(anonymous_1)
DA:6,5
DA:9,5
DA:89,5
DA:90,0
DA:92,0
DA:93,0
DA:94,0
DA:95,0
DA:100,0
DA:110,5
DA:112,0
DA:115,0
DA:116,0
DA:117,0
DA:126,0
DA:129,0
DA:131,0
DA:139,5
LF:18
LH:5
BRDA:94,0,0,0
BRDA:94,0,1,0
BRDA:110,1,0,0
BRDA:115,2,0,0
BRDA:115,2,1,0
BRDA:116,3,0,0
BRDA:116,3,1,0
BRDA:129,4,0,0
BRDA:129,4,1,0
BRF:9
BRH:0
end_of_record
TN:
SF:services\prompts\index.js
FN:18,(anonymous_0)
FN:46,(anonymous_1)
FN:68,(anonymous_2)
FN:86,(anonymous_3)
FNF:4
FNH:0
FNDA:0,(anonymous_0)
FNDA:0,(anonymous_1)
FNDA:0,(anonymous_2)
FNDA:0,(anonymous_3)
DA:6,5
DA:7,5
DA:8,5
DA:18,5
DA:19,0
DA:22,0
DA:25,0
DA:26,0
DA:27,0
DA:31,0
DA:33,0
DA:46,5
DA:47,0
DA:50,0
DA:53,0
DA:55,0
DA:68,5
DA:69,0
DA:72,0
DA:74,0
DA:86,5
DA:87,0
DA:90,0
DA:91,0
DA:95,0
DA:96,0
DA:100,0
DA:101,0
DA:105,0
DA:106,0
DA:110,0
DA:113,5
LF:32
LH:8
BRDA:18,0,0,0
BRDA:18,1,0,0
BRDA:19,2,0,0
BRDA:26,3,0,0
BRDA:26,3,1,0
BRDA:26,4,0,0
BRDA:26,4,1,0
BRDA:46,5,0,0
BRDA:47,6,0,0
BRDA:68,7,0,0
BRDA:69,8,0,0
BRDA:72,9,0,0
BRDA:72,9,1,0
BRDA:90,10,0,0
BRDA:90,10,1,0
BRDA:90,11,0,0
BRDA:90,11,1,0
BRDA:90,11,2,0
BRDA:95,12,0,0
BRDA:95,12,1,0
BRDA:95,13,0,0
BRDA:95,13,1,0
BRDA:95,13,2,0
BRDA:100,14,0,0
BRDA:100,14,1,0
BRDA:100,15,0,0
BRDA:100,15,1,0
BRDA:100,15,2,0
BRDA:105,16,0,0
BRDA:105,16,1,0
BRDA:105,17,0,0
BRDA:105,17,1,0
BRDA:105,17,2,0
BRF:33
BRH:0
end_of_record
TN:
SF:services\prompts\learningPathPrompts.js
FN:130,(anonymous_0)
FN:147,(anonymous_1)
FNF:2
FNH:0
FNDA:0,(anonymous_0)
FNDA:0,(anonymous_1)
DA:7,5
DA:130,5
DA:131,0
DA:133,0
DA:147,5
DA:148,0
DA:149,0
DA:152,5
LF:8
LH:4
BRDA:130,0,0,0
BRDA:131,1,0,0
BRDA:131,1,1,0
BRF:3
BRH:0
end_of_record
TN:
SF:utils\errorResponse.js
FN:12,(anonymous_0)
FNF:1
FNH:1
FNDA:1,(anonymous_0)
DA:13,1
DA:14,1
DA:18,5
LF:3
LH:3
BRF:0
BRH:0
end_of_record
TN:
SF:utils\logger.js
FN:10,(anonymous_0)
FN:63,(anonymous_1)
FNF:2
FNH:1
FNDA:612,(anonymous_0)
FNDA:0,(anonymous_1)
DA:1,5
DA:2,5
DA:5,5
DA:10,612
DA:15,5
DA:18,5
DA:62,5
DA:64,0
DA:68,5
LF:9
LH:8
BRDA:19,0,0,5
BRDA:19,0,1,5
BRF:2
BRH:2
end_of_record
